0 verbose cli /usr/local/bin/node /usr/local/bin/npm
1 info using npm@10.2.4
2 info using node@v20.11.1
3 timing npm:load:whichnode Completed in 1ms
4 timing config:load:defaults Completed in 1ms
5 timing config:load:file:/usr/local/lib/node_modules/npm/npmrc Completed in 1ms
6 timing config:load:builtin Completed in 1ms
7 timing config:load:cli Completed in 1ms
8 timing config:load:env Completed in 0ms
9 timing config:load:project Completed in 1ms
10 timing config:load:file:/Users/joshuaaddai-marnu/.npmrc Completed in 0ms
11 timing config:load:user Completed in 0ms
12 timing config:load:file:/usr/local/etc/npmrc Completed in 0ms
13 timing config:load:global Completed in 0ms
14 timing config:load:setEnvs Completed in 0ms
15 timing config:load Completed in 4ms
16 timing npm:load:configload Completed in 4ms
17 timing config:load:flatten Completed in 1ms
18 timing npm:load:mkdirpcache Completed in 0ms
19 timing npm:load:mkdirplogs Completed in 0ms
20 verbose title npm install create-react-app
21 verbose argv "install" "--global" "create-react-app"
22 timing npm:load:setTitle Completed in 7ms
23 timing npm:load:display Completed in 1ms
24 verbose logfile logs-max:10 dir:/Users/joshuaaddai-marnu/.npm/_logs/2024-03-20T17_04_18_798Z-
25 verbose logfile /Users/joshuaaddai-marnu/.npm/_logs/2024-03-20T17_04_18_798Z-debug-0.log
26 timing npm:load:logFile Completed in 5ms
27 timing npm:load:timers Completed in 0ms
28 timing npm:load:configScope Completed in 0ms
29 timing npm:load Completed in 28ms
30 timing config:load:flatten Completed in 0ms
31 timing arborist:ctor Completed in 0ms
32 silly logfile done cleaning log files
33 timing idealTree:init Completed in 5ms
34 timing idealTree:userRequests Completed in 2ms
35 silly idealTree buildDeps
36 silly fetch manifest create-react-app@*
37 http fetch GET 200 https://registry.npmjs.org/create-react-app 9ms (cache hit)
38 silly placeDep ROOT create-react-app@5.0.1 OK for:  want: *
39 silly fetch manifest chalk@^4.1.2
40 silly fetch manifest commander@^4.1.1
41 silly fetch manifest cross-spawn@^7.0.3
42 silly fetch manifest envinfo@^7.8.1
43 silly fetch manifest fs-extra@^10.0.0
44 silly fetch manifest hyperquest@^2.1.3
45 silly fetch manifest prompts@^2.4.2
46 silly fetch manifest semver@^7.3.5
47 silly fetch manifest tar-pack@^3.4.1
48 silly fetch manifest tmp@^0.2.1
49 silly fetch manifest validate-npm-package-name@^3.0.0
50 http fetch GET 200 https://registry.npmjs.org/chalk 14ms (cache hit)
51 http fetch GET 200 https://registry.npmjs.org/hyperquest 13ms (cache hit)
52 http fetch GET 200 https://registry.npmjs.org/fs-extra 14ms (cache hit)
53 http fetch GET 200 https://registry.npmjs.org/envinfo 16ms (cache hit)
54 http fetch GET 200 https://registry.npmjs.org/commander 18ms (cache hit)
55 http fetch GET 200 https://registry.npmjs.org/cross-spawn 18ms (cache hit)
56 http fetch GET 200 https://registry.npmjs.org/semver 18ms (cache hit)
57 http fetch GET 200 https://registry.npmjs.org/tmp 18ms (cache hit)
58 http fetch GET 200 https://registry.npmjs.org/prompts 20ms (cache hit)
59 http fetch GET 200 https://registry.npmjs.org/tar-pack 20ms (cache hit)
60 http fetch GET 200 https://registry.npmjs.org/validate-npm-package-name 19ms (cache hit)
61 timing idealTree:#root Completed in 38ms
62 silly placeDep node_modules/create-react-app chalk@4.1.2 OK for: create-react-app@5.0.1 want: ^4.1.2
63 silly fetch manifest ansi-styles@^4.1.0
64 silly fetch manifest supports-color@^7.1.0
65 silly placeDep node_modules/create-react-app commander@4.1.1 OK for: create-react-app@5.0.1 want: ^4.1.1
66 silly placeDep node_modules/create-react-app cross-spawn@7.0.3 OK for: create-react-app@5.0.1 want: ^7.0.3
67 silly fetch manifest path-key@^3.1.0
68 silly fetch manifest shebang-command@^2.0.0
69 silly fetch manifest which@^2.0.1
70 silly placeDep node_modules/create-react-app envinfo@7.11.1 OK for: create-react-app@5.0.1 want: ^7.8.1
71 silly placeDep node_modules/create-react-app fs-extra@10.1.0 OK for: create-react-app@5.0.1 want: ^10.0.0
72 silly fetch manifest graceful-fs@^4.2.0
73 silly fetch manifest jsonfile@^6.0.1
74 silly fetch manifest universalify@^2.0.0
75 silly placeDep node_modules/create-react-app hyperquest@2.1.3 OK for: create-react-app@5.0.1 want: ^2.1.3
76 silly fetch manifest buffer-from@^0.1.1
77 silly fetch manifest duplexer2@~0.0.2
78 silly fetch manifest through2@~0.6.3
79 silly placeDep node_modules/create-react-app prompts@2.4.2 OK for: create-react-app@5.0.1 want: ^2.4.2
80 silly fetch manifest kleur@^3.0.3
81 silly fetch manifest sisteransi@^1.0.5
82 silly placeDep node_modules/create-react-app semver@7.6.0 OK for: create-react-app@5.0.1 want: ^7.3.5
83 silly fetch manifest lru-cache@^6.0.0
84 silly placeDep node_modules/create-react-app tar-pack@3.4.1 OK for: create-react-app@5.0.1 want: ^3.4.1
85 silly fetch manifest debug@^2.2.0
86 silly fetch manifest fstream@^1.0.10
87 silly fetch manifest fstream-ignore@^1.0.5
88 silly fetch manifest once@^1.3.3
89 silly fetch manifest readable-stream@^2.1.4
90 silly fetch manifest rimraf@^2.5.1
91 silly fetch manifest tar@^2.2.1
92 silly fetch manifest uid-number@^0.0.6
93 silly placeDep node_modules/create-react-app tmp@0.2.3 OK for: create-react-app@5.0.1 want: ^0.2.1
94 silly placeDep node_modules/create-react-app validate-npm-package-name@3.0.0 OK for: create-react-app@5.0.1 want: ^3.0.0
95 silly fetch manifest builtins@^1.0.3
96 http fetch GET 200 https://registry.npmjs.org/shebang-command 28ms (cache hit)
97 http fetch GET 200 https://registry.npmjs.org/jsonfile 27ms (cache hit)
98 http fetch GET 200 https://registry.npmjs.org/supports-color 30ms (cache hit)
99 http fetch GET 200 https://registry.npmjs.org/ansi-styles 30ms (cache hit)
100 http fetch GET 200 https://registry.npmjs.org/buffer-from 28ms (cache hit)
101 http fetch GET 200 https://registry.npmjs.org/universalify 29ms (cache hit)
102 http fetch GET 200 https://registry.npmjs.org/through2 27ms (cache hit)
103 http fetch GET 200 https://registry.npmjs.org/lru-cache 27ms (cache hit)
104 http fetch GET 200 https://registry.npmjs.org/kleur 29ms (cache hit)
105 http fetch GET 200 https://registry.npmjs.org/which 32ms (cache hit)
106 http fetch GET 200 https://registry.npmjs.org/sisteransi 30ms (cache hit)
107 http fetch GET 200 https://registry.npmjs.org/duplexer2 31ms (cache hit)
108 http fetch GET 200 https://registry.npmjs.org/fstream 28ms (cache hit)
109 http fetch GET 200 https://registry.npmjs.org/debug 28ms (cache hit)
110 http fetch GET 200 https://registry.npmjs.org/graceful-fs 34ms (cache hit)
111 http fetch GET 200 https://registry.npmjs.org/path-key 35ms (cache hit)
112 http fetch GET 200 https://registry.npmjs.org/readable-stream 30ms (cache hit)
113 http fetch GET 200 https://registry.npmjs.org/fstream-ignore 32ms (cache hit)
114 http fetch GET 200 https://registry.npmjs.org/rimraf 31ms (cache hit)
115 http fetch GET 200 https://registry.npmjs.org/once 32ms (cache hit)
116 http fetch GET 200 https://registry.npmjs.org/uid-number 31ms (cache hit)
117 http fetch GET 200 https://registry.npmjs.org/builtins 29ms (cache hit)
118 http fetch GET 200 https://registry.npmjs.org/tar 32ms (cache hit)
119 timing idealTree:node_modules/create-react-app Completed in 45ms
120 silly placeDep node_modules/create-react-app ansi-styles@4.3.0 OK for: chalk@4.1.2 want: ^4.1.0
121 silly fetch manifest color-convert@^2.0.1
122 silly placeDep node_modules/create-react-app supports-color@7.2.0 OK for: chalk@4.1.2 want: ^7.1.0
123 silly fetch manifest has-flag@^4.0.0
124 http fetch GET 200 https://registry.npmjs.org/has-flag 2ms (cache hit)
125 http fetch GET 200 https://registry.npmjs.org/color-convert 4ms (cache hit)
126 timing idealTree:node_modules/create-react-app/node_modules/chalk Completed in 5ms
127 silly placeDep node_modules/create-react-app color-convert@2.0.1 OK for: ansi-styles@4.3.0 want: ^2.0.1
128 silly fetch manifest color-name@~1.1.4
129 http fetch GET 200 https://registry.npmjs.org/color-name 2ms (cache hit)
130 timing idealTree:node_modules/create-react-app/node_modules/ansi-styles Completed in 3ms
131 silly placeDep node_modules/create-react-app color-name@1.1.4 OK for: color-convert@2.0.1 want: ~1.1.4
132 timing idealTree:node_modules/create-react-app/node_modules/color-convert Completed in 1ms
133 timing idealTree:node_modules/create-react-app/node_modules/color-name Completed in 0ms
134 timing idealTree:node_modules/create-react-app/node_modules/commander Completed in 0ms
135 silly placeDep node_modules/create-react-app path-key@3.1.1 OK for: cross-spawn@7.0.3 want: ^3.1.0
136 silly placeDep node_modules/create-react-app shebang-command@2.0.0 OK for: cross-spawn@7.0.3 want: ^2.0.0
137 silly fetch manifest shebang-regex@^3.0.0
138 silly placeDep node_modules/create-react-app which@2.0.2 OK for: cross-spawn@7.0.3 want: ^2.0.1
139 silly fetch manifest isexe@^2.0.0
140 http fetch GET 200 https://registry.npmjs.org/shebang-regex 3ms (cache hit)
141 http fetch GET 200 https://registry.npmjs.org/isexe 4ms (cache hit)
142 timing idealTree:node_modules/create-react-app/node_modules/cross-spawn Completed in 6ms
143 timing idealTree:node_modules/create-react-app/node_modules/envinfo Completed in 0ms
144 silly placeDep node_modules/create-react-app graceful-fs@4.2.11 OK for: fs-extra@10.1.0 want: ^4.2.0
145 silly placeDep node_modules/create-react-app jsonfile@6.1.0 OK for: fs-extra@10.1.0 want: ^6.0.1
146 silly placeDep node_modules/create-react-app universalify@2.0.1 OK for: fs-extra@10.1.0 want: ^2.0.0
147 timing idealTree:node_modules/create-react-app/node_modules/fs-extra Completed in 1ms
148 timing idealTree:node_modules/create-react-app/node_modules/graceful-fs Completed in 0ms
149 silly placeDep node_modules/create-react-app buffer-from@0.1.2 OK for: hyperquest@2.1.3 want: ^0.1.1
150 silly placeDep node_modules/create-react-app duplexer2@0.0.2 OK for: hyperquest@2.1.3 want: ~0.0.2
151 silly fetch manifest readable-stream@~1.1.9
152 silly placeDep node_modules/create-react-app through2@0.6.5 OK for: hyperquest@2.1.3 want: ~0.6.3
153 silly fetch manifest readable-stream@>=1.0.33-1 <1.1.0-0
154 silly fetch manifest xtend@>=4.0.0 <4.1.0-0
155 http fetch GET 200 https://registry.npmjs.org/xtend 3ms (cache hit)
156 timing idealTree:node_modules/create-react-app/node_modules/hyperquest Completed in 5ms
157 timing idealTree:node_modules/create-react-app/node_modules/buffer-from Completed in 0ms
158 silly placeDep node_modules/create-react-app readable-stream@1.1.14 OK for: duplexer2@0.0.2 want: ~1.1.9
159 silly fetch manifest core-util-is@~1.0.0
160 silly fetch manifest isarray@0.0.1
161 silly fetch manifest string_decoder@~0.10.x
162 silly fetch manifest inherits@~2.0.1
163 http fetch GET 200 https://registry.npmjs.org/core-util-is 5ms (cache hit)
164 http fetch GET 200 https://registry.npmjs.org/isarray 5ms (cache hit)
165 http fetch GET 200 https://registry.npmjs.org/inherits 5ms (cache hit)
166 http fetch GET 200 https://registry.npmjs.org/string_decoder 5ms (cache hit)
167 timing idealTree:node_modules/create-react-app/node_modules/duplexer2 Completed in 8ms
168 timing idealTree:node_modules/create-react-app/node_modules/jsonfile Completed in 0ms
169 timing idealTree:node_modules/create-react-app/node_modules/path-key Completed in 0ms
170 silly placeDep node_modules/create-react-app kleur@3.0.3 OK for: prompts@2.4.2 want: ^3.0.3
171 silly placeDep node_modules/create-react-app sisteransi@1.0.5 OK for: prompts@2.4.2 want: ^1.0.5
172 timing idealTree:node_modules/create-react-app/node_modules/prompts Completed in 1ms
173 timing idealTree:node_modules/create-react-app/node_modules/kleur Completed in 0ms
174 silly placeDep node_modules/create-react-app core-util-is@1.0.3 OK for: readable-stream@1.1.14 want: ~1.0.0
175 silly placeDep node_modules/create-react-app inherits@2.0.4 OK for: readable-stream@1.1.14 want: ~2.0.1
176 silly placeDep node_modules/create-react-app isarray@0.0.1 OK for: readable-stream@1.1.14 want: 0.0.1
177 silly placeDep node_modules/create-react-app string_decoder@0.10.31 OK for: readable-stream@1.1.14 want: ~0.10.x
178 timing idealTree:node_modules/create-react-app/node_modules/readable-stream Completed in 2ms
179 timing idealTree:node_modules/create-react-app/node_modules/core-util-is Completed in 0ms
180 timing idealTree:node_modules/create-react-app/node_modules/inherits Completed in 0ms
181 timing idealTree:node_modules/create-react-app/node_modules/isarray Completed in 0ms
182 silly placeDep node_modules/create-react-app lru-cache@6.0.0 OK for: semver@7.6.0 want: ^6.0.0
183 silly fetch manifest yallist@^4.0.0
184 http fetch GET 200 https://registry.npmjs.org/yallist 4ms (cache hit)
185 timing idealTree:node_modules/create-react-app/node_modules/semver Completed in 4ms
186 silly placeDep node_modules/create-react-app yallist@4.0.0 OK for: lru-cache@6.0.0 want: ^4.0.0
187 timing idealTree:node_modules/create-react-app/node_modules/lru-cache Completed in 1ms
188 silly placeDep node_modules/create-react-app shebang-regex@3.0.0 OK for: shebang-command@2.0.0 want: ^3.0.0
189 timing idealTree:node_modules/create-react-app/node_modules/shebang-command Completed in 0ms
190 timing idealTree:node_modules/create-react-app/node_modules/shebang-regex Completed in 0ms
191 timing idealTree:node_modules/create-react-app/node_modules/sisteransi Completed in 0ms
192 timing idealTree:node_modules/create-react-app/node_modules/string_decoder Completed in 0ms
193 silly placeDep node_modules/create-react-app has-flag@4.0.0 OK for: supports-color@7.2.0 want: ^4.0.0
194 timing idealTree:node_modules/create-react-app/node_modules/supports-color Completed in 1ms
195 timing idealTree:node_modules/create-react-app/node_modules/has-flag Completed in 0ms
196 silly placeDep node_modules/create-react-app debug@2.6.9 OK for: tar-pack@3.4.1 want: ^2.2.0
197 silly fetch manifest ms@2.0.0
198 silly placeDep node_modules/create-react-app fstream@1.0.12 OK for: tar-pack@3.4.1 want: ^1.0.10
199 silly fetch manifest mkdirp@>=0.5 0
200 silly fetch manifest rimraf@2
201 silly placeDep node_modules/create-react-app fstream-ignore@1.0.5 OK for: tar-pack@3.4.1 want: ^1.0.5
202 silly fetch manifest minimatch@^3.0.0
203 silly placeDep node_modules/create-react-app once@1.4.0 OK for: tar-pack@3.4.1 want: ^1.3.3
204 silly fetch manifest wrappy@1
205 silly placeDep node_modules/create-react-app/node_modules/tar-pack readable-stream@2.3.8 OK for: tar-pack@3.4.1 want: ^2.1.4
206 silly fetch manifest isarray@~1.0.0
207 silly fetch manifest process-nextick-args@~2.0.0
208 silly fetch manifest safe-buffer@~5.1.1
209 silly fetch manifest string_decoder@~1.1.1
210 silly fetch manifest util-deprecate@~1.0.1
211 silly placeDep node_modules/create-react-app rimraf@2.7.1 OK for: tar-pack@3.4.1 want: ^2.5.1
212 silly fetch manifest glob@^7.1.3
213 silly placeDep node_modules/create-react-app tar@2.2.2 OK for: tar-pack@3.4.1 want: ^2.2.1
214 silly fetch manifest block-stream@*
215 silly placeDep node_modules/create-react-app uid-number@0.0.6 OK for: tar-pack@3.4.1 want: ^0.0.6
216 http fetch GET 200 https://registry.npmjs.org/mkdirp 11ms (cache hit)
217 http fetch GET 200 https://registry.npmjs.org/wrappy 11ms (cache hit)
218 http fetch GET 200 https://registry.npmjs.org/process-nextick-args 9ms (cache hit)
219 http fetch GET 200 https://registry.npmjs.org/minimatch 12ms (cache hit)
220 http fetch GET 200 https://registry.npmjs.org/ms 15ms (cache hit)
221 http fetch GET 200 https://registry.npmjs.org/block-stream 10ms (cache hit)
222 http fetch GET 200 https://registry.npmjs.org/util-deprecate 11ms (cache hit)
223 http fetch GET 200 https://registry.npmjs.org/glob 12ms (cache hit)
224 http fetch GET 200 https://registry.npmjs.org/safe-buffer 14ms (cache hit)
225 timing idealTree:node_modules/create-react-app/node_modules/tar-pack Completed in 19ms
226 silly placeDep node_modules/create-react-app ms@2.0.0 OK for: debug@2.6.9 want: 2.0.0
227 timing idealTree:node_modules/create-react-app/node_modules/debug Completed in 1ms
228 silly placeDep node_modules/create-react-app mkdirp@0.5.6 OK for: fstream@1.0.12 want: >=0.5 0
229 silly fetch manifest minimist@^1.2.6
230 http fetch GET 200 https://registry.npmjs.org/minimist 2ms (cache hit)
231 timing idealTree:node_modules/create-react-app/node_modules/fstream Completed in 3ms
232 silly placeDep node_modules/create-react-app minimatch@3.1.2 OK for: fstream-ignore@1.0.5 want: ^3.0.0
233 silly fetch manifest brace-expansion@^1.1.7
234 http fetch GET 200 https://registry.npmjs.org/brace-expansion 2ms (cache hit)
235 timing idealTree:node_modules/create-react-app/node_modules/fstream-ignore Completed in 3ms
236 silly placeDep node_modules/create-react-app brace-expansion@1.1.11 OK for: minimatch@3.1.2 want: ^1.1.7
237 silly fetch manifest balanced-match@^1.0.0
238 silly fetch manifest concat-map@0.0.1
239 http fetch GET 200 https://registry.npmjs.org/balanced-match 2ms (cache hit)
240 http fetch GET 200 https://registry.npmjs.org/concat-map 2ms (cache hit)
241 timing idealTree:node_modules/create-react-app/node_modules/minimatch Completed in 3ms
242 silly placeDep node_modules/create-react-app balanced-match@1.0.2 OK for: brace-expansion@1.1.11 want: ^1.0.0
243 silly placeDep node_modules/create-react-app concat-map@0.0.1 OK for: brace-expansion@1.1.11 want: 0.0.1
244 timing idealTree:node_modules/create-react-app/node_modules/brace-expansion Completed in 1ms
245 timing idealTree:node_modules/create-react-app/node_modules/balanced-match Completed in 0ms
246 timing idealTree:node_modules/create-react-app/node_modules/concat-map Completed in 0ms
247 silly placeDep node_modules/create-react-app minimist@1.2.8 OK for: mkdirp@0.5.6 want: ^1.2.6
248 timing idealTree:node_modules/create-react-app/node_modules/mkdirp Completed in 1ms
249 timing idealTree:node_modules/create-react-app/node_modules/minimist Completed in 0ms
250 timing idealTree:node_modules/create-react-app/node_modules/ms Completed in 0ms
251 silly placeDep node_modules/create-react-app wrappy@1.0.2 OK for: once@1.4.0 want: 1
252 timing idealTree:node_modules/create-react-app/node_modules/once Completed in 0ms
253 silly placeDep node_modules/create-react-app glob@7.2.3 OK for: rimraf@2.7.1 want: ^7.1.3
254 silly fetch manifest fs.realpath@^1.0.0
255 silly fetch manifest inflight@^1.0.4
256 silly fetch manifest path-is-absolute@^1.0.0
257 http fetch GET 200 https://registry.npmjs.org/inflight 3ms (cache hit)
258 http fetch GET 200 https://registry.npmjs.org/fs.realpath 4ms (cache hit)
259 http fetch GET 200 https://registry.npmjs.org/path-is-absolute 3ms (cache hit)
260 timing idealTree:node_modules/create-react-app/node_modules/rimraf Completed in 6ms
261 silly placeDep node_modules/create-react-app fs.realpath@1.0.0 OK for: glob@7.2.3 want: ^1.0.0
262 silly placeDep node_modules/create-react-app inflight@1.0.6 OK for: glob@7.2.3 want: ^1.0.4
263 silly placeDep node_modules/create-react-app path-is-absolute@1.0.1 OK for: glob@7.2.3 want: ^1.0.0
264 timing idealTree:node_modules/create-react-app/node_modules/glob Completed in 1ms
265 timing idealTree:node_modules/create-react-app/node_modules/fs.realpath Completed in 0ms
266 timing idealTree:node_modules/create-react-app/node_modules/inflight Completed in 0ms
267 timing idealTree:node_modules/create-react-app/node_modules/path-is-absolute Completed in 0ms
268 silly placeDep node_modules/create-react-app block-stream@0.0.9 OK for: tar@2.2.2 want: *
269 timing idealTree:node_modules/create-react-app/node_modules/tar Completed in 1ms
270 timing idealTree:node_modules/create-react-app/node_modules/block-stream Completed in 0ms
271 silly placeDep node_modules/create-react-app/node_modules/through2 readable-stream@1.0.34 OK for: through2@0.6.5 want: >=1.0.33-1 <1.1.0-0
272 silly placeDep node_modules/create-react-app xtend@4.0.2 OK for: through2@0.6.5 want: >=4.0.0 <4.1.0-0
273 timing idealTree:node_modules/create-react-app/node_modules/through2 Completed in 1ms
274 timing idealTree:node_modules/create-react-app/node_modules/tmp Completed in 0ms
275 timing idealTree:node_modules/create-react-app/node_modules/uid-number Completed in 0ms
276 timing idealTree:node_modules/create-react-app/node_modules/universalify Completed in 0ms
277 silly placeDep node_modules/create-react-app builtins@1.0.3 OK for: validate-npm-package-name@3.0.0 want: ^1.0.3
278 timing idealTree:node_modules/create-react-app/node_modules/validate-npm-package-name Completed in 0ms
279 timing idealTree:node_modules/create-react-app/node_modules/builtins Completed in 0ms
280 silly placeDep node_modules/create-react-app isexe@2.0.0 OK for: which@2.0.2 want: ^2.0.0
281 timing idealTree:node_modules/create-react-app/node_modules/which Completed in 1ms
282 timing idealTree:node_modules/create-react-app/node_modules/isexe Completed in 0ms
283 timing idealTree:node_modules/create-react-app/node_modules/wrappy Completed in 0ms
284 timing idealTree:node_modules/create-react-app/node_modules/xtend Completed in 0ms
285 timing idealTree:node_modules/create-react-app/node_modules/yallist Completed in 0ms
286 silly placeDep node_modules/create-react-app/node_modules/tar-pack isarray@1.0.0 OK for: readable-stream@2.3.8 want: ~1.0.0
287 silly placeDep node_modules/create-react-app process-nextick-args@2.0.1 OK for: readable-stream@2.3.8 want: ~2.0.0
288 silly placeDep node_modules/create-react-app safe-buffer@5.1.2 OK for: readable-stream@2.3.8 want: ~5.1.1
289 silly placeDep node_modules/create-react-app/node_modules/tar-pack string_decoder@1.1.1 OK for: readable-stream@2.3.8 want: ~1.1.1
290 silly placeDep node_modules/create-react-app util-deprecate@1.0.2 OK for: readable-stream@2.3.8 want: ~1.0.1
291 timing idealTree:node_modules/create-react-app/node_modules/tar-pack/node_modules/readable-stream Completed in 2ms
292 timing idealTree:node_modules/create-react-app/node_modules/process-nextick-args Completed in 0ms
293 timing idealTree:node_modules/create-react-app/node_modules/safe-buffer Completed in 0ms
294 timing idealTree:node_modules/create-react-app/node_modules/util-deprecate Completed in 0ms
295 timing idealTree:node_modules/create-react-app/node_modules/tar-pack/node_modules/isarray Completed in 0ms
296 timing idealTree:node_modules/create-react-app/node_modules/tar-pack/node_modules/string_decoder Completed in 0ms
297 timing idealTree:node_modules/create-react-app/node_modules/through2/node_modules/readable-stream Completed in 0ms
298 timing idealTree:buildDeps Completed in 165ms
299 timing idealTree:fixDepFlags Completed in 0ms
300 timing idealTree Completed in 175ms
301 timing reify:loadTrees Completed in 177ms
302 timing reify:diffTrees Completed in 1ms
303 silly reify moves {}
304 timing reify:retireShallow Completed in 1ms
305 timing reify:rollback:createSparse Completed in 0ms
306 timing reify:rollback:retireShallow Completed in 0ms
307 timing command:install Completed in 190ms
308 verbose stack Error: EACCES: permission denied, mkdir '/usr/local/lib/node_modules/create-react-app'
309 verbose cwd /usr/local/bin
310 verbose Darwin 23.4.0
311 verbose node v20.11.1
312 verbose npm  v10.2.4
313 error code EACCES
314 error syscall mkdir
315 error path /usr/local/lib/node_modules/create-react-app
316 error errno -13
317 error [Error: EACCES: permission denied, mkdir '/usr/local/lib/node_modules/create-react-app'] {
317 error   errno: -13,
317 error   code: 'EACCES',
317 error   syscall: 'mkdir',
317 error   path: '/usr/local/lib/node_modules/create-react-app'
317 error }
318 error
318 error The operation was rejected by your operating system.
318 error It is likely you do not have the permissions to access this file as the current user
318 error
318 error If you believe this might be a permissions issue, please double-check the
318 error permissions of the file and its containing directories, or try running
318 error the command again as root/Administrator.
319 verbose exit -13
320 timing npm Completed in 345ms
321 verbose unfinished npm timer reify 1710954258957
322 verbose unfinished npm timer reify:createSparse 1710954259141
323 verbose code -13
324 error A complete log of this run can be found in: /Users/joshuaaddai-marnu/.npm/_logs/2024-03-20T17_04_18_798Z-debug-0.log
