0 verbose cli /usr/local/bin/node /usr/local/bin/npm
1 info using npm@10.2.4
2 info using node@v20.11.1
3 timing npm:load:whichnode Completed in 1ms
4 timing config:load:defaults Completed in 1ms
5 timing config:load:file:/usr/local/lib/node_modules/npm/npmrc Completed in 0ms
6 timing config:load:builtin Completed in 0ms
7 timing config:load:cli Completed in 2ms
8 timing config:load:env Completed in 0ms
9 timing config:load:project Completed in 0ms
10 timing config:load:file:/Users/joshuaaddai-marnu/.npmrc Completed in 1ms
11 timing config:load:user Completed in 1ms
12 timing config:load:file:/usr/local/etc/npmrc Completed in 0ms
13 timing config:load:global Completed in 0ms
14 timing config:load:setEnvs Completed in 0ms
15 timing config:load Completed in 4ms
16 timing npm:load:configload Completed in 4ms
17 timing config:load:flatten Completed in 2ms
18 timing npm:load:mkdirpcache Completed in 0ms
19 timing npm:load:mkdirplogs Completed in 0ms
20 verbose title npm install create-react-app
21 verbose argv "install" "--global" "create-react-app"
22 timing npm:load:setTitle Completed in 7ms
23 timing npm:load:display Completed in 0ms
24 verbose logfile logs-max:10 dir:/Users/joshuaaddai-marnu/.npm/_logs/2024-03-20T16_55_48_692Z-
25 verbose logfile /Users/joshuaaddai-marnu/.npm/_logs/2024-03-20T16_55_48_692Z-debug-0.log
26 timing npm:load:logFile Completed in 6ms
27 timing npm:load:timers Completed in 0ms
28 timing npm:load:configScope Completed in 0ms
29 timing npm:load Completed in 28ms
30 timing config:load:flatten Completed in 0ms
31 timing arborist:ctor Completed in 0ms
32 silly logfile done cleaning log files
33 timing idealTree:init Completed in 2ms
34 timing idealTree:userRequests Completed in 1ms
35 silly idealTree buildDeps
36 silly fetch manifest create-react-app@*
37 http fetch GET 200 https://registry.npmjs.org/create-react-app 122ms (cache miss)
38 silly placeDep ROOT create-react-app@5.0.1 OK for:  want: *
39 silly fetch manifest chalk@^4.1.2
40 silly fetch manifest commander@^4.1.1
41 silly fetch manifest cross-spawn@^7.0.3
42 silly fetch manifest envinfo@^7.8.1
43 silly fetch manifest fs-extra@^10.0.0
44 silly fetch manifest hyperquest@^2.1.3
45 silly fetch manifest prompts@^2.4.2
46 silly fetch manifest semver@^7.3.5
47 silly fetch manifest tar-pack@^3.4.1
48 silly fetch manifest tmp@^0.2.1
49 silly fetch manifest validate-npm-package-name@^3.0.0
50 http fetch GET 200 https://registry.npmjs.org/npm 208ms (cache miss)
51 http fetch GET 200 https://registry.npmjs.org/chalk 84ms (cache miss)
52 http fetch GET 200 https://registry.npmjs.org/tar-pack 106ms (cache miss)
53 http fetch GET 200 https://registry.npmjs.org/commander 110ms (cache miss)
54 http fetch GET 200 https://registry.npmjs.org/validate-npm-package-name 114ms (cache miss)
55 http fetch GET 200 https://registry.npmjs.org/tmp 115ms (cache miss)
56 http fetch GET 200 https://registry.npmjs.org/cross-spawn 121ms (cache miss)
57 http fetch GET 200 https://registry.npmjs.org/semver 127ms (cache miss)
58 http fetch GET 200 https://registry.npmjs.org/envinfo 139ms (cache miss)
59 http fetch GET 200 https://registry.npmjs.org/fs-extra 141ms (cache miss)
60 http fetch GET 200 https://registry.npmjs.org/prompts 150ms (cache miss)
61 http fetch GET 200 https://registry.npmjs.org/hyperquest 861ms (cache miss)
62 timing idealTree:#root Completed in 989ms
63 silly placeDep node_modules/create-react-app chalk@4.1.2 OK for: create-react-app@5.0.1 want: ^4.1.2
64 silly fetch manifest ansi-styles@^4.1.0
65 silly fetch manifest supports-color@^7.1.0
66 silly placeDep node_modules/create-react-app commander@4.1.1 OK for: create-react-app@5.0.1 want: ^4.1.1
67 silly placeDep node_modules/create-react-app cross-spawn@7.0.3 OK for: create-react-app@5.0.1 want: ^7.0.3
68 silly fetch manifest path-key@^3.1.0
69 silly fetch manifest shebang-command@^2.0.0
70 silly fetch manifest which@^2.0.1
71 silly placeDep node_modules/create-react-app envinfo@7.11.1 OK for: create-react-app@5.0.1 want: ^7.8.1
72 silly placeDep node_modules/create-react-app fs-extra@10.1.0 OK for: create-react-app@5.0.1 want: ^10.0.0
73 silly fetch manifest graceful-fs@^4.2.0
74 silly fetch manifest jsonfile@^6.0.1
75 silly fetch manifest universalify@^2.0.0
76 silly placeDep node_modules/create-react-app hyperquest@2.1.3 OK for: create-react-app@5.0.1 want: ^2.1.3
77 silly fetch manifest buffer-from@^0.1.1
78 silly fetch manifest duplexer2@~0.0.2
79 silly fetch manifest through2@~0.6.3
80 silly placeDep node_modules/create-react-app prompts@2.4.2 OK for: create-react-app@5.0.1 want: ^2.4.2
81 silly fetch manifest kleur@^3.0.3
82 silly fetch manifest sisteransi@^1.0.5
83 silly placeDep node_modules/create-react-app semver@7.6.0 OK for: create-react-app@5.0.1 want: ^7.3.5
84 silly fetch manifest lru-cache@^6.0.0
85 silly placeDep node_modules/create-react-app tar-pack@3.4.1 OK for: create-react-app@5.0.1 want: ^3.4.1
86 silly fetch manifest debug@^2.2.0
87 silly fetch manifest fstream@^1.0.10
88 silly fetch manifest fstream-ignore@^1.0.5
89 silly fetch manifest once@^1.3.3
90 silly fetch manifest readable-stream@^2.1.4
91 silly fetch manifest rimraf@^2.5.1
92 silly fetch manifest tar@^2.2.1
93 silly fetch manifest uid-number@^0.0.6
94 silly placeDep node_modules/create-react-app tmp@0.2.3 OK for: create-react-app@5.0.1 want: ^0.2.1
95 silly placeDep node_modules/create-react-app validate-npm-package-name@3.0.0 OK for: create-react-app@5.0.1 want: ^3.0.0
96 silly fetch manifest builtins@^1.0.3
97 http fetch GET 200 https://registry.npmjs.org/shebang-command 71ms (cache miss)
98 http fetch GET 200 https://registry.npmjs.org/ansi-styles 74ms (cache miss)
99 http fetch GET 200 https://registry.npmjs.org/buffer-from 70ms (cache miss)
100 http fetch GET 200 https://registry.npmjs.org/path-key 73ms (cache miss)
101 http fetch GET 200 https://registry.npmjs.org/jsonfile 72ms (cache miss)
102 http fetch GET 200 https://registry.npmjs.org/which 74ms (cache miss)
103 http fetch GET 200 https://registry.npmjs.org/graceful-fs 74ms (cache miss)
104 http fetch GET 200 https://registry.npmjs.org/kleur 71ms (cache miss)
105 http fetch GET 200 https://registry.npmjs.org/supports-color 78ms (cache miss)
106 http fetch GET 200 https://registry.npmjs.org/through2 83ms (cache miss)
107 http fetch GET 200 https://registry.npmjs.org/duplexer2 92ms (cache miss)
108 http fetch GET 200 https://registry.npmjs.org/universalify 96ms (cache miss)
109 http fetch GET 200 https://registry.npmjs.org/readable-stream 93ms (cache miss)
110 http fetch GET 200 https://registry.npmjs.org/sisteransi 100ms (cache miss)
111 http fetch GET 200 https://registry.npmjs.org/once 98ms (cache miss)
112 http fetch GET 200 https://registry.npmjs.org/tar 107ms (cache miss)
113 http fetch GET 200 https://registry.npmjs.org/rimraf 109ms (cache miss)
114 http fetch GET 200 https://registry.npmjs.org/uid-number 110ms (cache miss)
115 http fetch GET 200 https://registry.npmjs.org/fstream 121ms (cache miss)
116 http fetch GET 200 https://registry.npmjs.org/fstream-ignore 121ms (cache miss)
117 http fetch GET 200 https://registry.npmjs.org/debug 129ms (cache miss)
118 http fetch GET 200 https://registry.npmjs.org/lru-cache 149ms (cache miss)
119 http fetch GET 200 https://registry.npmjs.org/builtins 769ms (cache miss)
120 timing idealTree:node_modules/create-react-app Completed in 791ms
121 silly placeDep node_modules/create-react-app ansi-styles@4.3.0 OK for: chalk@4.1.2 want: ^4.1.0
122 silly fetch manifest color-convert@^2.0.1
123 silly placeDep node_modules/create-react-app supports-color@7.2.0 OK for: chalk@4.1.2 want: ^7.1.0
124 silly fetch manifest has-flag@^4.0.0
125 http fetch GET 200 https://registry.npmjs.org/has-flag 41ms (cache miss)
126 http fetch GET 200 https://registry.npmjs.org/color-convert 69ms (cache miss)
127 timing idealTree:node_modules/create-react-app/node_modules/chalk Completed in 73ms
128 silly placeDep node_modules/create-react-app color-convert@2.0.1 OK for: ansi-styles@4.3.0 want: ^2.0.1
129 silly fetch manifest color-name@~1.1.4
130 http fetch GET 200 https://registry.npmjs.org/color-name 46ms (cache miss)
131 timing idealTree:node_modules/create-react-app/node_modules/ansi-styles Completed in 49ms
132 silly placeDep node_modules/create-react-app color-name@1.1.4 OK for: color-convert@2.0.1 want: ~1.1.4
133 timing idealTree:node_modules/create-react-app/node_modules/color-convert Completed in 1ms
134 timing idealTree:node_modules/create-react-app/node_modules/color-name Completed in 0ms
135 timing idealTree:node_modules/create-react-app/node_modules/commander Completed in 1ms
136 silly placeDep node_modules/create-react-app path-key@3.1.1 OK for: cross-spawn@7.0.3 want: ^3.1.0
137 silly placeDep node_modules/create-react-app shebang-command@2.0.0 OK for: cross-spawn@7.0.3 want: ^2.0.0
138 silly fetch manifest shebang-regex@^3.0.0
139 silly placeDep node_modules/create-react-app which@2.0.2 OK for: cross-spawn@7.0.3 want: ^2.0.1
140 silly fetch manifest isexe@^2.0.0
141 http fetch GET 200 https://registry.npmjs.org/isexe 40ms (cache miss)
142 http fetch GET 200 https://registry.npmjs.org/shebang-regex 74ms (cache miss)
143 timing idealTree:node_modules/create-react-app/node_modules/cross-spawn Completed in 78ms
144 timing idealTree:node_modules/create-react-app/node_modules/envinfo Completed in 0ms
145 silly placeDep node_modules/create-react-app graceful-fs@4.2.11 OK for: fs-extra@10.1.0 want: ^4.2.0
146 silly placeDep node_modules/create-react-app jsonfile@6.1.0 OK for: fs-extra@10.1.0 want: ^6.0.1
147 silly placeDep node_modules/create-react-app universalify@2.0.1 OK for: fs-extra@10.1.0 want: ^2.0.0
148 timing idealTree:node_modules/create-react-app/node_modules/fs-extra Completed in 3ms
149 timing idealTree:node_modules/create-react-app/node_modules/graceful-fs Completed in 0ms
150 silly placeDep node_modules/create-react-app buffer-from@0.1.2 OK for: hyperquest@2.1.3 want: ^0.1.1
151 silly placeDep node_modules/create-react-app duplexer2@0.0.2 OK for: hyperquest@2.1.3 want: ~0.0.2
152 silly fetch manifest readable-stream@~1.1.9
153 silly placeDep node_modules/create-react-app through2@0.6.5 OK for: hyperquest@2.1.3 want: ~0.6.3
154 silly fetch manifest readable-stream@>=1.0.33-1 <1.1.0-0
155 silly fetch manifest xtend@>=4.0.0 <4.1.0-0
156 http fetch GET 200 https://registry.npmjs.org/xtend 42ms (cache miss)
157 timing idealTree:node_modules/create-react-app/node_modules/hyperquest Completed in 46ms
158 timing idealTree:node_modules/create-react-app/node_modules/buffer-from Completed in 0ms
159 silly placeDep node_modules/create-react-app readable-stream@1.1.14 OK for: duplexer2@0.0.2 want: ~1.1.9
160 silly fetch manifest core-util-is@~1.0.0
161 silly fetch manifest isarray@0.0.1
162 silly fetch manifest string_decoder@~0.10.x
163 silly fetch manifest inherits@~2.0.1
164 http fetch GET 200 https://registry.npmjs.org/string_decoder 46ms (cache miss)
165 http fetch GET 200 https://registry.npmjs.org/core-util-is 50ms (cache miss)
166 http fetch GET 200 https://registry.npmjs.org/isarray 56ms (cache miss)
167 http fetch GET 200 https://registry.npmjs.org/inherits 62ms (cache miss)
168 timing idealTree:node_modules/create-react-app/node_modules/duplexer2 Completed in 65ms
169 timing idealTree:node_modules/create-react-app/node_modules/jsonfile Completed in 0ms
170 timing idealTree:node_modules/create-react-app/node_modules/path-key Completed in 0ms
171 silly placeDep node_modules/create-react-app kleur@3.0.3 OK for: prompts@2.4.2 want: ^3.0.3
172 silly placeDep node_modules/create-react-app sisteransi@1.0.5 OK for: prompts@2.4.2 want: ^1.0.5
173 timing idealTree:node_modules/create-react-app/node_modules/prompts Completed in 1ms
174 timing idealTree:node_modules/create-react-app/node_modules/kleur Completed in 0ms
175 silly placeDep node_modules/create-react-app core-util-is@1.0.3 OK for: readable-stream@1.1.14 want: ~1.0.0
176 silly placeDep node_modules/create-react-app inherits@2.0.4 OK for: readable-stream@1.1.14 want: ~2.0.1
177 silly placeDep node_modules/create-react-app isarray@0.0.1 OK for: readable-stream@1.1.14 want: 0.0.1
178 silly placeDep node_modules/create-react-app string_decoder@0.10.31 OK for: readable-stream@1.1.14 want: ~0.10.x
179 timing idealTree:node_modules/create-react-app/node_modules/readable-stream Completed in 2ms
180 timing idealTree:node_modules/create-react-app/node_modules/core-util-is Completed in 0ms
181 timing idealTree:node_modules/create-react-app/node_modules/inherits Completed in 0ms
182 timing idealTree:node_modules/create-react-app/node_modules/isarray Completed in 0ms
183 silly placeDep node_modules/create-react-app lru-cache@6.0.0 OK for: semver@7.6.0 want: ^6.0.0
184 silly fetch manifest yallist@^4.0.0
185 http fetch GET 200 https://registry.npmjs.org/yallist 51ms (cache miss)
186 timing idealTree:node_modules/create-react-app/node_modules/semver Completed in 52ms
187 silly placeDep node_modules/create-react-app yallist@4.0.0 OK for: lru-cache@6.0.0 want: ^4.0.0
188 timing idealTree:node_modules/create-react-app/node_modules/lru-cache Completed in 0ms
189 silly placeDep node_modules/create-react-app shebang-regex@3.0.0 OK for: shebang-command@2.0.0 want: ^3.0.0
190 timing idealTree:node_modules/create-react-app/node_modules/shebang-command Completed in 0ms
191 timing idealTree:node_modules/create-react-app/node_modules/shebang-regex Completed in 0ms
192 timing idealTree:node_modules/create-react-app/node_modules/sisteransi Completed in 0ms
193 timing idealTree:node_modules/create-react-app/node_modules/string_decoder Completed in 0ms
194 silly placeDep node_modules/create-react-app has-flag@4.0.0 OK for: supports-color@7.2.0 want: ^4.0.0
195 timing idealTree:node_modules/create-react-app/node_modules/supports-color Completed in 1ms
196 timing idealTree:node_modules/create-react-app/node_modules/has-flag Completed in 0ms
197 silly placeDep node_modules/create-react-app debug@2.6.9 OK for: tar-pack@3.4.1 want: ^2.2.0
198 silly fetch manifest ms@2.0.0
199 silly placeDep node_modules/create-react-app fstream@1.0.12 OK for: tar-pack@3.4.1 want: ^1.0.10
200 silly fetch manifest mkdirp@>=0.5 0
201 silly fetch manifest rimraf@2
202 silly placeDep node_modules/create-react-app fstream-ignore@1.0.5 OK for: tar-pack@3.4.1 want: ^1.0.5
203 silly fetch manifest minimatch@^3.0.0
204 silly placeDep node_modules/create-react-app once@1.4.0 OK for: tar-pack@3.4.1 want: ^1.3.3
205 silly fetch manifest wrappy@1
206 silly placeDep node_modules/create-react-app/node_modules/tar-pack readable-stream@2.3.8 OK for: tar-pack@3.4.1 want: ^2.1.4
207 silly fetch manifest isarray@~1.0.0
208 silly fetch manifest process-nextick-args@~2.0.0
209 silly fetch manifest safe-buffer@~5.1.1
210 silly fetch manifest string_decoder@~1.1.1
211 silly fetch manifest util-deprecate@~1.0.1
212 silly placeDep node_modules/create-react-app rimraf@2.7.1 OK for: tar-pack@3.4.1 want: ^2.5.1
213 silly fetch manifest glob@^7.1.3
214 silly placeDep node_modules/create-react-app tar@2.2.2 OK for: tar-pack@3.4.1 want: ^2.2.1
215 silly fetch manifest block-stream@*
216 silly placeDep node_modules/create-react-app uid-number@0.0.6 OK for: tar-pack@3.4.1 want: ^0.0.6
217 http fetch GET 200 https://registry.npmjs.org/util-deprecate 41ms (cache miss)
218 http fetch GET 200 https://registry.npmjs.org/safe-buffer 49ms (cache miss)
219 http fetch GET 200 https://registry.npmjs.org/process-nextick-args 49ms (cache miss)
220 http fetch GET 200 https://registry.npmjs.org/minimatch 53ms (cache miss)
221 http fetch GET 200 https://registry.npmjs.org/glob 59ms (cache miss)
222 http fetch GET 200 https://registry.npmjs.org/block-stream 60ms (cache miss)
223 http fetch GET 200 https://registry.npmjs.org/mkdirp 67ms (cache miss)
224 http fetch GET 200 https://registry.npmjs.org/wrappy 67ms (cache miss)
225 http fetch GET 200 https://registry.npmjs.org/ms 723ms (cache miss)
226 timing idealTree:node_modules/create-react-app/node_modules/tar-pack Completed in 727ms
227 silly placeDep node_modules/create-react-app ms@2.0.0 OK for: debug@2.6.9 want: 2.0.0
228 timing idealTree:node_modules/create-react-app/node_modules/debug Completed in 1ms
229 silly placeDep node_modules/create-react-app mkdirp@0.5.6 OK for: fstream@1.0.12 want: >=0.5 0
230 silly fetch manifest minimist@^1.2.6
231 http fetch GET 200 https://registry.npmjs.org/minimist 52ms (cache miss)
232 timing idealTree:node_modules/create-react-app/node_modules/fstream Completed in 55ms
233 silly placeDep node_modules/create-react-app minimatch@3.1.2 OK for: fstream-ignore@1.0.5 want: ^3.0.0
234 silly fetch manifest brace-expansion@^1.1.7
235 http fetch GET 200 https://registry.npmjs.org/brace-expansion 73ms (cache miss)
236 timing idealTree:node_modules/create-react-app/node_modules/fstream-ignore Completed in 76ms
237 silly placeDep node_modules/create-react-app brace-expansion@1.1.11 OK for: minimatch@3.1.2 want: ^1.1.7
238 silly fetch manifest balanced-match@^1.0.0
239 silly fetch manifest concat-map@0.0.1
240 http fetch GET 200 https://registry.npmjs.org/balanced-match 59ms (cache miss)
241 http fetch GET 200 https://registry.npmjs.org/concat-map 58ms (cache miss)
242 timing idealTree:node_modules/create-react-app/node_modules/minimatch Completed in 61ms
243 silly placeDep node_modules/create-react-app balanced-match@1.0.2 OK for: brace-expansion@1.1.11 want: ^1.0.0
244 silly placeDep node_modules/create-react-app concat-map@0.0.1 OK for: brace-expansion@1.1.11 want: 0.0.1
245 timing idealTree:node_modules/create-react-app/node_modules/brace-expansion Completed in 1ms
246 timing idealTree:node_modules/create-react-app/node_modules/balanced-match Completed in 0ms
247 timing idealTree:node_modules/create-react-app/node_modules/concat-map Completed in 0ms
248 silly placeDep node_modules/create-react-app minimist@1.2.8 OK for: mkdirp@0.5.6 want: ^1.2.6
249 timing idealTree:node_modules/create-react-app/node_modules/mkdirp Completed in 1ms
250 timing idealTree:node_modules/create-react-app/node_modules/minimist Completed in 0ms
251 timing idealTree:node_modules/create-react-app/node_modules/ms Completed in 0ms
252 silly placeDep node_modules/create-react-app wrappy@1.0.2 OK for: once@1.4.0 want: 1
253 timing idealTree:node_modules/create-react-app/node_modules/once Completed in 1ms
254 silly placeDep node_modules/create-react-app glob@7.2.3 OK for: rimraf@2.7.1 want: ^7.1.3
255 silly fetch manifest fs.realpath@^1.0.0
256 silly fetch manifest inflight@^1.0.4
257 silly fetch manifest path-is-absolute@^1.0.0
258 http fetch GET 200 https://registry.npmjs.org/path-is-absolute 49ms (cache miss)
259 http fetch GET 200 https://registry.npmjs.org/inflight 52ms (cache miss)
260 http fetch GET 200 https://registry.npmjs.org/fs.realpath 61ms (cache miss)
261 timing idealTree:node_modules/create-react-app/node_modules/rimraf Completed in 63ms
262 silly placeDep node_modules/create-react-app fs.realpath@1.0.0 OK for: glob@7.2.3 want: ^1.0.0
263 silly placeDep node_modules/create-react-app inflight@1.0.6 OK for: glob@7.2.3 want: ^1.0.4
264 silly placeDep node_modules/create-react-app path-is-absolute@1.0.1 OK for: glob@7.2.3 want: ^1.0.0
265 timing idealTree:node_modules/create-react-app/node_modules/glob Completed in 2ms
266 timing idealTree:node_modules/create-react-app/node_modules/fs.realpath Completed in 0ms
267 timing idealTree:node_modules/create-react-app/node_modules/inflight Completed in 0ms
268 timing idealTree:node_modules/create-react-app/node_modules/path-is-absolute Completed in 0ms
269 silly placeDep node_modules/create-react-app block-stream@0.0.9 OK for: tar@2.2.2 want: *
270 timing idealTree:node_modules/create-react-app/node_modules/tar Completed in 1ms
271 timing idealTree:node_modules/create-react-app/node_modules/block-stream Completed in 0ms
272 silly placeDep node_modules/create-react-app/node_modules/through2 readable-stream@1.0.34 OK for: through2@0.6.5 want: >=1.0.33-1 <1.1.0-0
273 silly placeDep node_modules/create-react-app xtend@4.0.2 OK for: through2@0.6.5 want: >=4.0.0 <4.1.0-0
274 timing idealTree:node_modules/create-react-app/node_modules/through2 Completed in 2ms
275 timing idealTree:node_modules/create-react-app/node_modules/tmp Completed in 0ms
276 timing idealTree:node_modules/create-react-app/node_modules/uid-number Completed in 0ms
277 timing idealTree:node_modules/create-react-app/node_modules/universalify Completed in 0ms
278 silly placeDep node_modules/create-react-app builtins@1.0.3 OK for: validate-npm-package-name@3.0.0 want: ^1.0.3
279 timing idealTree:node_modules/create-react-app/node_modules/validate-npm-package-name Completed in 1ms
280 timing idealTree:node_modules/create-react-app/node_modules/builtins Completed in 0ms
281 silly placeDep node_modules/create-react-app isexe@2.0.0 OK for: which@2.0.2 want: ^2.0.0
282 timing idealTree:node_modules/create-react-app/node_modules/which Completed in 0ms
283 timing idealTree:node_modules/create-react-app/node_modules/isexe Completed in 0ms
284 timing idealTree:node_modules/create-react-app/node_modules/wrappy Completed in 0ms
285 timing idealTree:node_modules/create-react-app/node_modules/xtend Completed in 0ms
286 timing idealTree:node_modules/create-react-app/node_modules/yallist Completed in 0ms
287 silly placeDep node_modules/create-react-app/node_modules/tar-pack isarray@1.0.0 OK for: readable-stream@2.3.8 want: ~1.0.0
288 silly placeDep node_modules/create-react-app process-nextick-args@2.0.1 OK for: readable-stream@2.3.8 want: ~2.0.0
289 silly placeDep node_modules/create-react-app safe-buffer@5.1.2 OK for: readable-stream@2.3.8 want: ~5.1.1
290 silly placeDep node_modules/create-react-app/node_modules/tar-pack string_decoder@1.1.1 OK for: readable-stream@2.3.8 want: ~1.1.1
291 silly placeDep node_modules/create-react-app util-deprecate@1.0.2 OK for: readable-stream@2.3.8 want: ~1.0.1
292 timing idealTree:node_modules/create-react-app/node_modules/tar-pack/node_modules/readable-stream Completed in 4ms
293 timing idealTree:node_modules/create-react-app/node_modules/process-nextick-args Completed in 0ms
294 timing idealTree:node_modules/create-react-app/node_modules/safe-buffer Completed in 0ms
295 timing idealTree:node_modules/create-react-app/node_modules/util-deprecate Completed in 0ms
296 timing idealTree:node_modules/create-react-app/node_modules/tar-pack/node_modules/isarray Completed in 0ms
297 timing idealTree:node_modules/create-react-app/node_modules/tar-pack/node_modules/string_decoder Completed in 0ms
298 timing idealTree:node_modules/create-react-app/node_modules/through2/node_modules/readable-stream Completed in 0ms
299 timing idealTree:buildDeps Completed in 3155ms
300 timing idealTree:fixDepFlags Completed in 1ms
301 timing idealTree Completed in 3161ms
302 timing reify:loadTrees Completed in 3162ms
303 timing reify:diffTrees Completed in 2ms
304 silly reify moves {}
305 timing reify:retireShallow Completed in 2ms
306 timing reify:rollback:createSparse Completed in 0ms
307 timing reify:rollback:retireShallow Completed in 0ms
308 timing command:install Completed in 3214ms
309 notice
309 notice New [33mminor[39m version of npm available! [31m10.2.4[39m -> [32m10.5.0[39m
309 notice Changelog: [36mhttps://github.com/npm/cli/releases/tag/v10.5.0[39m
309 notice Run [32mnpm install -g npm@10.5.0[39m to update!
309 notice
310 verbose stack Error: EACCES: permission denied, mkdir '/usr/local/lib/node_modules/create-react-app'
311 verbose cwd /Users/joshuaaddai-marnu
312 verbose Darwin 23.4.0
313 verbose node v20.11.1
314 verbose npm  v10.2.4
315 error code EACCES
316 error syscall mkdir
317 error path /usr/local/lib/node_modules/create-react-app
318 error errno -13
319 error [Error: EACCES: permission denied, mkdir '/usr/local/lib/node_modules/create-react-app'] {
319 error   errno: -13,
319 error   code: 'EACCES',
319 error   syscall: 'mkdir',
319 error   path: '/usr/local/lib/node_modules/create-react-app'
319 error }
320 error
320 error The operation was rejected by your operating system.
320 error It is likely you do not have the permissions to access this file as the current user
320 error
320 error If you believe this might be a permissions issue, please double-check the
320 error permissions of the file and its containing directories, or try running
320 error the command again as root/Administrator.
321 verbose exit -13
322 timing npm Completed in 3378ms
323 verbose unfinished npm timer reify 1710953748858
324 verbose unfinished npm timer reify:createSparse 1710953752066
325 verbose code -13
326 error A complete log of this run can be found in: /Users/joshuaaddai-marnu/.npm/_logs/2024-03-20T16_55_48_692Z-debug-0.log
