2024-03-18 13:01:45,210 [main] JP.co.esm.caddies.jomt.Jude <INFO> - #### === UML 9.2.0 / 0248cd ==============================
2024-03-18 13:01:45,213 [main] JP.co.esm.caddies.jomt.Jude <INFO> - start program args []
2024-03-18 13:01:45,275 [main] JP.co.esm.caddies.jomt.Jude <INFO> - start vm args [-Djava.library.path=/Applications/astah UML/astah UML.app/Contents/MacOS, -DLibraryDirectory=/Users/joshuaaddai-marnu/Library, -DDocumentsDirectory=/Users/joshuaaddai-marnu/Documents, -DApplicationSupportDirectory=/Users/joshuaaddai-marnu/Library/Application Support, -DCachesDirectory=/Users/joshuaaddai-marnu/Library/Caches, -DApplicationDirectory=/Users/joshuaaddai-marnu/Applications, -DAutosavedInformationDirectory=/Users/joshuaaddai-marnu/Library/Autosave Information, -DDesktopDirectory=/Users/joshuaaddai-marnu/Desktop, -DDownloadsDirectory=/Users/joshuaaddai-marnu/Downloads, -DMoviesDirectory=/Users/joshuaaddai-marnu/Movies, -DMusicDirectory=/Users/joshuaaddai-marnu/Music, -DPicturesDirectory=/Users/joshuaaddai-marnu/Pictures, -DSharedPublicDirectory=/Users/joshuaaddai-marnu/Public, -DSystemLibraryDirectory=/Library, -DSystemApplicationSupportDirectory=/Library/Application Support, -DSystemCachesDirectory=/Library/Caches, -DSystemApplicationDirectory=/Applications, -DSystemUserDirectory=/Users, -DUserHome=/Users/joshuaaddai-marnu, -DSandboxEnabled=true, -DDarkMode=true, -DLaunchModifierFlags=0, -DLaunchModifierFlagCapsLock=false, -DLaunchModifierFlagShift=false, -DLaunchModifierFlagControl=false, -DLaunchModifierFlagOption=false, -DLaunchModifierFlagCommand=false, -DLaunchModifierFlagNumericPad=false, -DLaunchModifierFlagHelp=false, -DLaunchModifierFlagFunction=false, -Xms16m, -Djava.library.path=/Applications/astah UML/astah UML.app/Contents/java/lib/rlm, -Dapple.laf.useScreenMenuBar=true, -Xmx1024m]
2024-03-18 13:01:45,278 [main] JP.co.esm.caddies.jomt.jsystem.k <INFO> - jude property file not found. It is created at the time of the end of application.
2024-03-18 13:01:49,509 [AWT-EventQueue-0] JP.co.esm.caddies.jomt.jview.swing.f <INFO> - maybe initial value of system property.
2024-03-18 13:02:03,810 [Thread-4] JP.co.esm.caddies.jomt.jutil.Z <INFO> - This is the latest version of Astah.
2024-03-18 13:02:21,720 [AWT-EventQueue-0] JP.co.esm.caddies.uml.mindmap.MMUserIconManager <INFO> - file: /Users/joshuaaddai-marnu/.astah/uml/JudeMMUserIconP.xml
2024-03-18 14:27:37,774 [AWT-EventQueue-0] JP.co.esm.caddies.golf.model.EntityStore <INFO> - saveAs: /Users/joshuaaddai-marnu/Desktop/ExpenseTrackerAppUML.asta
2024-03-18 14:27:37,789 [AWT-EventQueue-0] JP.co.esm.caddies.jomt.jutil.m <INFO> - stack=5m
2024-03-18 14:28:14,490 [AWT-EventQueue-0] JP.co.esm.caddies.jomt.MacJude <INFO> - start MacJude
2024-03-18 14:28:16,717 [AWT-EventQueue-0] JP.co.esm.caddies.jomt.MacJude <INFO> - start MacJude
2024-03-18 14:28:16,774 [main] JP.co.esm.caddies.jomt.Jude <INFO> - #### === UML 9.2.0 / 0248cd ==============================
2024-03-18 14:28:16,775 [main] JP.co.esm.caddies.jomt.Jude <INFO> - start program args []
2024-03-18 14:28:16,786 [main] JP.co.esm.caddies.jomt.Jude <INFO> - start vm args [-Djava.library.path=/Applications/astah UML/astah UML.app/Contents/MacOS, -DLibraryDirectory=/Users/joshuaaddai-marnu/Library, -DDocumentsDirectory=/Users/joshuaaddai-marnu/Documents, -DApplicationSupportDirectory=/Users/joshuaaddai-marnu/Library/Application Support, -DCachesDirectory=/Users/joshuaaddai-marnu/Library/Caches, -DApplicationDirectory=/Users/joshuaaddai-marnu/Applications, -DAutosavedInformationDirectory=/Users/joshuaaddai-marnu/Library/Autosave Information, -DDesktopDirectory=/Users/joshuaaddai-marnu/Desktop, -DDownloadsDirectory=/Users/joshuaaddai-marnu/Downloads, -DMoviesDirectory=/Users/joshuaaddai-marnu/Movies, -DMusicDirectory=/Users/joshuaaddai-marnu/Music, -DPicturesDirectory=/Users/joshuaaddai-marnu/Pictures, -DSharedPublicDirectory=/Users/joshuaaddai-marnu/Public, -DSystemLibraryDirectory=/Library, -DSystemApplicationSupportDirectory=/Library/Application Support, -DSystemCachesDirectory=/Library/Caches, -DSystemApplicationDirectory=/Applications, -DSystemUserDirectory=/Users, -DUserHome=/Users/joshuaaddai-marnu, -DSandboxEnabled=true, -DDarkMode=true, -DLaunchModifierFlags=0, -DLaunchModifierFlagCapsLock=false, -DLaunchModifierFlagShift=false, -DLaunchModifierFlagControl=false, -DLaunchModifierFlagOption=false, -DLaunchModifierFlagCommand=false, -DLaunchModifierFlagNumericPad=false, -DLaunchModifierFlagHelp=false, -DLaunchModifierFlagFunction=false, -Xms16m, -Djava.library.path=/Applications/astah UML/astah UML.app/Contents/java/lib/rlm, -Dapple.laf.useScreenMenuBar=true, -Xmx1024m]
2024-03-18 14:28:16,788 [main] JP.co.esm.caddies.jomt.jsystem.k <INFO> - jude property file not found. It is created at the time of the end of application.
2024-03-18 14:28:20,669 [AWT-EventQueue-0] JP.co.esm.caddies.jomt.jview.swing.f <INFO> - maybe initial value of system property.
2024-03-18 14:28:28,435 [Thread-5] JP.co.esm.caddies.jomt.jutil.Z <INFO> - This is the latest version of Astah.
2024-03-18 14:28:30,371 [AWT-EventQueue-0] JP.co.esm.caddies.jomt.jutil.m <INFO> - stack=5m
2024-03-18 14:30:13,194 [AWT-EventQueue-0] JP.co.esm.caddies.uml.mindmap.MMUserIconManager <INFO> - file: /Users/joshuaaddai-marnu/.astah/uml/JudeMMUserIconP.xml
2024-03-18 14:30:13,208 [AWT-EventQueue-0] JP.co.esm.caddies.uml.mindmap.MMUserIconManager <INFO> - file: /Users/joshuaaddai-marnu/.astah/uml/JudeMMUserIconP.xml
2024-03-18 14:30:13,227 [AWT-EventQueue-0] JP.co.esm.caddies.jomt.jsystem.k <INFO> - file: /Users/joshuaaddai-marnu/.astah/uml/JudeU.properties
2024-03-18 14:30:13,234 [AWT-EventQueue-0] JP.co.esm.caddies.jomt.jutil.JomtUtilities2 <INFO> - file: /Users/joshuaaddai-marnu/.astah/uml/astah_command.log
2024-03-19 13:31:43,927 [main] JP.co.esm.caddies.jomt.Jude <INFO> - #### === UML 9.2.0 / 0248cd ==============================
2024-03-19 13:31:43,933 [main] JP.co.esm.caddies.jomt.Jude <INFO> - start program args []
2024-03-19 13:31:44,078 [main] JP.co.esm.caddies.jomt.Jude <INFO> - start vm args [-Djava.library.path=/Applications/astah UML/astah UML.app/Contents/MacOS, -DLibraryDirectory=/Users/joshuaaddai-marnu/Library, -DDocumentsDirectory=/Users/joshuaaddai-marnu/Documents, -DApplicationSupportDirectory=/Users/joshuaaddai-marnu/Library/Application Support, -DCachesDirectory=/Users/joshuaaddai-marnu/Library/Caches, -DApplicationDirectory=/Users/joshuaaddai-marnu/Applications, -DAutosavedInformationDirectory=/Users/joshuaaddai-marnu/Library/Autosave Information, -DDesktopDirectory=/Users/joshuaaddai-marnu/Desktop, -DDownloadsDirectory=/Users/joshuaaddai-marnu/Downloads, -DMoviesDirectory=/Users/joshuaaddai-marnu/Movies, -DMusicDirectory=/Users/joshuaaddai-marnu/Music, -DPicturesDirectory=/Users/joshuaaddai-marnu/Pictures, -DSharedPublicDirectory=/Users/joshuaaddai-marnu/Public, -DSystemLibraryDirectory=/Library, -DSystemApplicationSupportDirectory=/Library/Application Support, -DSystemCachesDirectory=/Library/Caches, -DSystemApplicationDirectory=/Applications, -DSystemUserDirectory=/Users, -DUserHome=/Users/joshuaaddai-marnu, -DSandboxEnabled=true, -DDarkMode=true, -DLaunchModifierFlags=0, -DLaunchModifierFlagCapsLock=false, -DLaunchModifierFlagShift=false, -DLaunchModifierFlagControl=false, -DLaunchModifierFlagOption=false, -DLaunchModifierFlagCommand=false, -DLaunchModifierFlagNumericPad=false, -DLaunchModifierFlagHelp=false, -DLaunchModifierFlagFunction=false, -Xms16m, -Djava.library.path=/Applications/astah UML/astah UML.app/Contents/java/lib/rlm, -Dapple.laf.useScreenMenuBar=true, -Xmx1024m]
2024-03-19 13:31:56,644 [Thread-4] JP.co.esm.caddies.jomt.jutil.Z <INFO> - This is the latest version of Astah.
2024-03-19 13:32:35,003 [AWT-EventQueue-0] JP.co.esm.caddies.jomt.jutil.m <INFO> - stack=5m
2024-03-19 13:34:02,276 [AWT-EventQueue-0] JP.co.esm.caddies.jomt.MacJude <INFO> - start MacJude
2024-03-19 13:34:04,261 [AWT-EventQueue-0] JP.co.esm.caddies.jomt.MacJude <INFO> - start MacJude
2024-03-19 13:34:04,322 [main] JP.co.esm.caddies.jomt.Jude <INFO> - #### === UML 9.2.0 / 0248cd ==============================
2024-03-19 13:34:04,322 [main] JP.co.esm.caddies.jomt.Jude <INFO> - start program args []
2024-03-19 13:34:04,332 [main] JP.co.esm.caddies.jomt.Jude <INFO> - start vm args [-Djava.library.path=/Applications/astah UML/astah UML.app/Contents/MacOS, -DLibraryDirectory=/Users/joshuaaddai-marnu/Library, -DDocumentsDirectory=/Users/joshuaaddai-marnu/Documents, -DApplicationSupportDirectory=/Users/joshuaaddai-marnu/Library/Application Support, -DCachesDirectory=/Users/joshuaaddai-marnu/Library/Caches, -DApplicationDirectory=/Users/joshuaaddai-marnu/Applications, -DAutosavedInformationDirectory=/Users/joshuaaddai-marnu/Library/Autosave Information, -DDesktopDirectory=/Users/joshuaaddai-marnu/Desktop, -DDownloadsDirectory=/Users/joshuaaddai-marnu/Downloads, -DMoviesDirectory=/Users/joshuaaddai-marnu/Movies, -DMusicDirectory=/Users/joshuaaddai-marnu/Music, -DPicturesDirectory=/Users/joshuaaddai-marnu/Pictures, -DSharedPublicDirectory=/Users/joshuaaddai-marnu/Public, -DSystemLibraryDirectory=/Library, -DSystemApplicationSupportDirectory=/Library/Application Support, -DSystemCachesDirectory=/Library/Caches, -DSystemApplicationDirectory=/Applications, -DSystemUserDirectory=/Users, -DUserHome=/Users/joshuaaddai-marnu, -DSandboxEnabled=true, -DDarkMode=true, -DLaunchModifierFlags=0, -DLaunchModifierFlagCapsLock=false, -DLaunchModifierFlagShift=false, -DLaunchModifierFlagControl=false, -DLaunchModifierFlagOption=false, -DLaunchModifierFlagCommand=false, -DLaunchModifierFlagNumericPad=false, -DLaunchModifierFlagHelp=false, -DLaunchModifierFlagFunction=false, -Xms16m, -Djava.library.path=/Applications/astah UML/astah UML.app/Contents/java/lib/rlm, -Dapple.laf.useScreenMenuBar=true, -Xmx1024m]
2024-03-19 13:34:10,843 [AWT-EventQueue-0] JP.co.esm.caddies.jomt.jutil.m <INFO> - stack=5m
2024-03-19 13:34:11,170 [Thread-5] JP.co.esm.caddies.jomt.jutil.Z <INFO> - This is the latest version of Astah.
2024-03-19 13:34:27,864 [AWT-EventQueue-0] JP.co.esm.caddies.uml.mindmap.MMUserIconManager <INFO> - file: /Users/joshuaaddai-marnu/.astah/uml/JudeMMUserIconP.xml
2024-03-19 13:34:27,872 [AWT-EventQueue-0] JP.co.esm.caddies.uml.mindmap.MMUserIconManager <INFO> - file: /Users/joshuaaddai-marnu/.astah/uml/JudeMMUserIconP.xml
2024-03-19 13:34:27,889 [AWT-EventQueue-0] JP.co.esm.caddies.jomt.jsystem.k <INFO> - file: /Users/joshuaaddai-marnu/.astah/uml/JudeU.properties
2024-03-19 13:34:27,895 [AWT-EventQueue-0] JP.co.esm.caddies.jomt.jutil.JomtUtilities2 <INFO> - file: /Users/joshuaaddai-marnu/.astah/uml/astah_command.log
2024-03-19 14:39:06,769 [AWT-EventQueue-0] JP.co.esm.caddies.golf.model.EntityStore <INFO> - saveAs: /Users/joshuaaddai-marnu/Desktop/ExpenseTrackerAppUML.asta
2024-03-19 14:39:07,837 [AWT-EventQueue-0] JP.co.esm.caddies.golf.model.EntityStore <INFO> - saveAs: /Users/joshuaaddai-marnu/Desktop/ExpenseTrackerAppUML.asta
2024-03-19 14:39:09,197 [AWT-EventQueue-0] JP.co.esm.caddies.golf.model.EntityStore <INFO> - saveAs: /Users/joshuaaddai-marnu/Desktop/ExpenseTrackerAppUML.asta
2024-03-19 14:42:31,122 [AWT-EventQueue-0] JP.co.esm.caddies.golf.model.EntityStore <INFO> - saveAs: /Users/joshuaaddai-marnu/Desktop/ExpenseTrackerAppUML.asta
2024-03-19 14:42:31,718 [AWT-EventQueue-0] JP.co.esm.caddies.golf.model.EntityStore <INFO> - saveAs: /Users/joshuaaddai-marnu/Desktop/ExpenseTrackerAppUML.asta
2024-03-19 14:42:34,687 [AWT-EventQueue-0] JP.co.esm.caddies.uml.mindmap.MMUserIconManager <INFO> - file: /Users/joshuaaddai-marnu/.astah/uml/JudeMMUserIconP.xml
2024-03-19 14:42:34,693 [AWT-EventQueue-0] JP.co.esm.caddies.uml.mindmap.MMUserIconManager <INFO> - file: /Users/joshuaaddai-marnu/.astah/uml/JudeMMUserIconP.xml
2024-03-19 14:42:58,296 [AWT-EventQueue-0] JP.co.esm.caddies.uml.mindmap.MMUserIconManager <INFO> - file: /Users/joshuaaddai-marnu/.astah/uml/JudeMMUserIconP.xml
2024-03-19 14:42:58,296 [AWT-EventQueue-0] JP.co.esm.caddies.uml.mindmap.MMUserIconManager <INFO> - file: /Users/joshuaaddai-marnu/.astah/uml/JudeMMUserIconP.xml
2024-03-19 17:22:49,419 [AWT-EventQueue-0] JP.co.esm.caddies.golf.model.EntityStore <INFO> - saveAs: /Users/joshuaaddai-marnu/Desktop/ExpenseTrackerAppUML.asta
2024-03-19 17:22:55,246 [AWT-EventQueue-0] JP.co.esm.caddies.golf.model.EntityStore <INFO> - saveAs: /Users/joshuaaddai-marnu/Desktop/ExpenseTrackerAppUML.asta
2024-03-19 17:22:56,004 [AWT-EventQueue-0] JP.co.esm.caddies.golf.model.EntityStore <INFO> - saveAs: /Users/joshuaaddai-marnu/Desktop/ExpenseTrackerAppUML.asta
2024-03-19 17:23:03,193 [AWT-EventQueue-0] JP.co.esm.caddies.golf.model.EntityStore <INFO> - saveAs: /Users/joshuaaddai-marnu/Desktop/ExpenseTrackerAppUML.asta
2024-03-20 01:02:07,604 [AWT-EventQueue-0] JP.co.esm.caddies.golf.model.EntityStore <INFO> - saveAs: /Users/joshuaaddai-marnu/Desktop/ExpenseTrackerAppUML.asta
2024-03-20 01:07:13,422 [AWT-EventQueue-0] JP.co.esm.caddies.golf.model.EntityStore <INFO> - saveAs: /Users/joshuaaddai-marnu/Desktop/ExpenseTrackerAppUML.asta
2024-03-20 01:07:29,557 [AWT-EventQueue-0] JP.co.esm.caddies.uml.mindmap.MMUserIconManager <INFO> - file: /Users/joshuaaddai-marnu/.astah/uml/JudeMMUserIconP.xml
2024-03-20 01:07:29,561 [AWT-EventQueue-0] JP.co.esm.caddies.uml.mindmap.MMUserIconManager <INFO> - file: /Users/joshuaaddai-marnu/.astah/uml/JudeMMUserIconP.xml
2024-03-20 01:07:29,566 [AWT-EventQueue-0] JP.co.esm.caddies.jomt.jsystem.k <INFO> - file: /Users/joshuaaddai-marnu/.astah/uml/JudeU.properties
2024-03-20 01:07:29,576 [AWT-EventQueue-0] JP.co.esm.caddies.jomt.jutil.JomtUtilities2 <INFO> - file: /Users/joshuaaddai-marnu/.astah/uml/astah_command.log
2024-03-20 15:06:55,171 [AWT-EventQueue-0] JP.co.esm.caddies.jomt.MacJude <INFO> - start MacJude
2024-03-20 15:06:55,234 [main] JP.co.esm.caddies.jomt.Jude <INFO> - #### === UML 9.2.0 / 0248cd ==============================
2024-03-20 15:06:55,234 [main] JP.co.esm.caddies.jomt.Jude <INFO> - start program args []
2024-03-20 15:06:55,417 [main] JP.co.esm.caddies.jomt.Jude <INFO> - start vm args [-Djava.library.path=/Applications/astah UML/astah UML.app/Contents/MacOS, -DLibraryDirectory=/Users/joshuaaddai-marnu/Library, -DDocumentsDirectory=/Users/joshuaaddai-marnu/Documents, -DApplicationSupportDirectory=/Users/joshuaaddai-marnu/Library/Application Support, -DCachesDirectory=/Users/joshuaaddai-marnu/Library/Caches, -DApplicationDirectory=/Users/joshuaaddai-marnu/Applications, -DAutosavedInformationDirectory=/Users/joshuaaddai-marnu/Library/Autosave Information, -DDesktopDirectory=/Users/joshuaaddai-marnu/Desktop, -DDownloadsDirectory=/Users/joshuaaddai-marnu/Downloads, -DMoviesDirectory=/Users/joshuaaddai-marnu/Movies, -DMusicDirectory=/Users/joshuaaddai-marnu/Music, -DPicturesDirectory=/Users/joshuaaddai-marnu/Pictures, -DSharedPublicDirectory=/Users/joshuaaddai-marnu/Public, -DSystemLibraryDirectory=/Library, -DSystemApplicationSupportDirectory=/Library/Application Support, -DSystemCachesDirectory=/Library/Caches, -DSystemApplicationDirectory=/Applications, -DSystemUserDirectory=/Users, -DUserHome=/Users/joshuaaddai-marnu, -DSandboxEnabled=true, -DDarkMode=true, -DLaunchModifierFlags=0, -DLaunchModifierFlagCapsLock=false, -DLaunchModifierFlagShift=false, -DLaunchModifierFlagControl=false, -DLaunchModifierFlagOption=false, -DLaunchModifierFlagCommand=false, -DLaunchModifierFlagNumericPad=false, -DLaunchModifierFlagHelp=false, -DLaunchModifierFlagFunction=false, -Xms16m, -Djava.library.path=/Applications/astah UML/astah UML.app/Contents/java/lib/rlm, -Dapple.laf.useScreenMenuBar=true, -Xmx1024m]
2024-03-20 15:06:59,635 [AWT-EventQueue-0] JP.co.esm.caddies.jomt.jview.swing.f <INFO> - invalid value. y is negative. y:37, displayOriginY:38.0
2024-03-20 15:07:02,786 [AWT-EventQueue-0] JP.co.esm.caddies.jomt.jutil.m <INFO> - stack=5m
2024-03-20 15:07:03,671 [Thread-5] JP.co.esm.caddies.jomt.jutil.Z <INFO> - This is the latest version of Astah.
2024-03-20 21:17:11,538 [AWT-EventQueue-0] JP.co.esm.caddies.golf.model.EntityStore <INFO> - saveAs: /Users/joshuaaddai-marnu/Desktop/ExpenseTrackerAppUML.asta
2024-03-20 22:35:49,592 [AWT-EventQueue-0] JP.co.esm.caddies.golf.model.EntityStore <INFO> - saveAs: /Users/joshuaaddai-marnu/Desktop/ExpenseTrackerAppUML.asta
2024-03-20 22:39:07,802 [AWT-EventQueue-0] JP.co.esm.caddies.golf.model.EntityStore <INFO> - saveAs: /Users/joshuaaddai-marnu/Desktop/ExpenseTrackerAppUML.asta
2024-03-20 22:39:12,283 [AWT-EventQueue-0] JP.co.esm.caddies.golf.model.EntityStore <INFO> - saveAs: /Users/joshuaaddai-marnu/Desktop/ExpenseTrackerAppUML.asta
2024-03-20 22:39:27,731 [AWT-EventQueue-0] JP.co.esm.caddies.golf.model.EntityStore <INFO> - saveAs: /Users/joshuaaddai-marnu/Desktop/ExpenseTrackerAppUML.asta
2024-03-20 22:39:34,893 [AWT-EventQueue-0] JP.co.esm.caddies.golf.model.EntityStore <INFO> - saveAs: /Users/joshuaaddai-marnu/Desktop/ExpenseTrackerAppUML.asta
2024-03-20 22:39:36,146 [AWT-EventQueue-0] JP.co.esm.caddies.golf.model.EntityStore <INFO> - saveAs: /Users/joshuaaddai-marnu/Desktop/ExpenseTrackerAppUML.asta
2024-03-20 22:41:24,672 [AWT-EventQueue-0] JP.co.esm.caddies.golf.model.EntityStore <INFO> - saveAs: /Users/joshuaaddai-marnu/Desktop/ExpenseTrackerAppUML.asta
2024-03-20 22:54:16,381 [AWT-EventQueue-0] JP.co.esm.caddies.jomt.jsystem.k <INFO> - file: /Users/joshuaaddai-marnu/.astah/uml/JudeU.properties
2024-03-20 22:54:18,270 [AWT-EventQueue-0] JP.co.esm.caddies.jomt.jsystem.k <INFO> - file: /Users/joshuaaddai-marnu/.astah/uml/JudeU.properties
2024-03-20 22:54:18,295 [AWT-EventQueue-0] JP.co.esm.caddies.jomt.jsystem.k <INFO> - file: /Users/joshuaaddai-marnu/.astah/uml/JudeU.properties
2024-03-20 22:54:18,313 [AWT-EventQueue-0] JP.co.esm.caddies.jomt.jsystem.k <INFO> - file: /Users/joshuaaddai-marnu/.astah/uml/JudeU.properties
2024-03-20 22:54:18,315 [AWT-EventQueue-0] JP.co.esm.caddies.jomt.jsystem.k <INFO> - file: /Users/joshuaaddai-marnu/.astah/uml/JudeU.properties
2024-03-20 22:54:18,317 [AWT-EventQueue-0] JP.co.esm.caddies.jomt.jsystem.k <INFO> - file: /Users/joshuaaddai-marnu/.astah/uml/JudeU.properties
2024-03-20 22:57:52,767 [AWT-EventQueue-0] JP.co.esm.caddies.golf.model.EntityStore <INFO> - saveAs: /Users/joshuaaddai-marnu/Desktop/ExpenseTrackerAppUML.asta
2024-03-20 22:57:52,890 [AWT-EventQueue-0] JP.co.esm.caddies.uml.mindmap.MMUserIconManager <INFO> - file: /Users/joshuaaddai-marnu/.astah/uml/JudeMMUserIconP.xml
2024-03-20 22:57:52,897 [AWT-EventQueue-0] JP.co.esm.caddies.uml.mindmap.MMUserIconManager <INFO> - file: /Users/joshuaaddai-marnu/.astah/uml/JudeMMUserIconP.xml
2024-03-20 22:57:52,933 [AWT-EventQueue-0] JP.co.esm.caddies.jomt.jsystem.k <INFO> - file: /Users/joshuaaddai-marnu/.astah/uml/JudeU.properties
2024-03-20 22:57:52,937 [AWT-EventQueue-0] JP.co.esm.caddies.jomt.jutil.JomtUtilities2 <INFO> - file: /Users/joshuaaddai-marnu/.astah/uml/astah_command.log
2024-03-20 22:58:00,728 [AWT-EventQueue-0] JP.co.esm.caddies.jomt.MacJude <INFO> - start MacJude
2024-03-20 22:58:00,788 [main] JP.co.esm.caddies.jomt.Jude <INFO> - #### === UML 9.2.0 / 0248cd ==============================
2024-03-20 22:58:00,788 [main] JP.co.esm.caddies.jomt.Jude <INFO> - start program args []
2024-03-20 22:58:00,799 [main] JP.co.esm.caddies.jomt.Jude <INFO> - start vm args [-Djava.library.path=/Applications/astah UML/astah UML.app/Contents/MacOS, -DLibraryDirectory=/Users/joshuaaddai-marnu/Library, -DDocumentsDirectory=/Users/joshuaaddai-marnu/Documents, -DApplicationSupportDirectory=/Users/joshuaaddai-marnu/Library/Application Support, -DCachesDirectory=/Users/joshuaaddai-marnu/Library/Caches, -DApplicationDirectory=/Users/joshuaaddai-marnu/Applications, -DAutosavedInformationDirectory=/Users/joshuaaddai-marnu/Library/Autosave Information, -DDesktopDirectory=/Users/joshuaaddai-marnu/Desktop, -DDownloadsDirectory=/Users/joshuaaddai-marnu/Downloads, -DMoviesDirectory=/Users/joshuaaddai-marnu/Movies, -DMusicDirectory=/Users/joshuaaddai-marnu/Music, -DPicturesDirectory=/Users/joshuaaddai-marnu/Pictures, -DSharedPublicDirectory=/Users/joshuaaddai-marnu/Public, -DSystemLibraryDirectory=/Library, -DSystemApplicationSupportDirectory=/Library/Application Support, -DSystemCachesDirectory=/Library/Caches, -DSystemApplicationDirectory=/Applications, -DSystemUserDirectory=/Users, -DUserHome=/Users/joshuaaddai-marnu, -DSandboxEnabled=true, -DDarkMode=true, -DLaunchModifierFlags=0, -DLaunchModifierFlagCapsLock=false, -DLaunchModifierFlagShift=false, -DLaunchModifierFlagControl=false, -DLaunchModifierFlagOption=false, -DLaunchModifierFlagCommand=false, -DLaunchModifierFlagNumericPad=false, -DLaunchModifierFlagHelp=false, -DLaunchModifierFlagFunction=false, -Xms16m, -Djava.library.path=/Applications/astah UML/astah UML.app/Contents/java/lib/rlm, -Dapple.laf.useScreenMenuBar=true, -Xmx1024m]
2024-03-20 22:58:04,920 [AWT-EventQueue-0] JP.co.esm.caddies.jomt.jview.swing.f <INFO> - invalid value. y is negative. y:37, displayOriginY:38.0
2024-03-20 22:58:10,384 [AWT-EventQueue-0] JP.co.esm.caddies.jomt.jutil.m <INFO> - stack=5m
2024-03-20 22:58:11,066 [Thread-5] JP.co.esm.caddies.jomt.jutil.Z <INFO> - This is the latest version of Astah.
2024-03-20 22:59:51,778 [AWT-EventQueue-0] JP.co.esm.caddies.jomt.jsystem.k <INFO> - file: /Users/joshuaaddai-marnu/.astah/uml/JudeU.properties
2024-03-20 22:59:53,735 [AWT-EventQueue-0] JP.co.esm.caddies.jomt.jsystem.k <INFO> - file: /Users/joshuaaddai-marnu/.astah/uml/JudeU.properties
2024-03-20 22:59:53,754 [AWT-EventQueue-0] JP.co.esm.caddies.jomt.jsystem.k <INFO> - file: /Users/joshuaaddai-marnu/.astah/uml/JudeU.properties
2024-03-20 22:59:53,778 [AWT-EventQueue-0] JP.co.esm.caddies.jomt.jsystem.k <INFO> - file: /Users/joshuaaddai-marnu/.astah/uml/JudeU.properties
2024-03-20 22:59:53,781 [AWT-EventQueue-0] JP.co.esm.caddies.jomt.jsystem.k <INFO> - file: /Users/joshuaaddai-marnu/.astah/uml/JudeU.properties
2024-03-20 22:59:53,783 [AWT-EventQueue-0] JP.co.esm.caddies.jomt.jsystem.k <INFO> - file: /Users/joshuaaddai-marnu/.astah/uml/JudeU.properties
2024-03-20 23:01:06,714 [AWT-EventQueue-0] JP.co.esm.caddies.golf.model.EntityStore <INFO> - saveAs: /Users/joshuaaddai-marnu/Desktop/ExpenseTrackerAppUML.asta
2024-03-20 23:01:06,983 [AWT-EventQueue-0] JP.co.esm.caddies.uml.mindmap.MMUserIconManager <INFO> - file: /Users/joshuaaddai-marnu/.astah/uml/JudeMMUserIconP.xml
2024-03-20 23:01:06,989 [AWT-EventQueue-0] JP.co.esm.caddies.uml.mindmap.MMUserIconManager <INFO> - file: /Users/joshuaaddai-marnu/.astah/uml/JudeMMUserIconP.xml
2024-03-20 23:01:07,009 [AWT-EventQueue-0] JP.co.esm.caddies.jomt.jsystem.k <INFO> - file: /Users/joshuaaddai-marnu/.astah/uml/JudeU.properties
2024-03-20 23:01:07,013 [AWT-EventQueue-0] JP.co.esm.caddies.jomt.jutil.JomtUtilities2 <INFO> - file: /Users/joshuaaddai-marnu/.astah/uml/astah_command.log
2024-03-20 23:01:11,595 [AWT-EventQueue-0] JP.co.esm.caddies.jomt.MacJude <INFO> - start MacJude
2024-03-20 23:01:11,655 [main] JP.co.esm.caddies.jomt.Jude <INFO> - #### === UML 9.2.0 / 0248cd ==============================
2024-03-20 23:01:11,655 [main] JP.co.esm.caddies.jomt.Jude <INFO> - start program args []
2024-03-20 23:01:11,665 [main] JP.co.esm.caddies.jomt.Jude <INFO> - start vm args [-Djava.library.path=/Applications/astah UML/astah UML.app/Contents/MacOS, -DLibraryDirectory=/Users/joshuaaddai-marnu/Library, -DDocumentsDirectory=/Users/joshuaaddai-marnu/Documents, -DApplicationSupportDirectory=/Users/joshuaaddai-marnu/Library/Application Support, -DCachesDirectory=/Users/joshuaaddai-marnu/Library/Caches, -DApplicationDirectory=/Users/joshuaaddai-marnu/Applications, -DAutosavedInformationDirectory=/Users/joshuaaddai-marnu/Library/Autosave Information, -DDesktopDirectory=/Users/joshuaaddai-marnu/Desktop, -DDownloadsDirectory=/Users/joshuaaddai-marnu/Downloads, -DMoviesDirectory=/Users/joshuaaddai-marnu/Movies, -DMusicDirectory=/Users/joshuaaddai-marnu/Music, -DPicturesDirectory=/Users/joshuaaddai-marnu/Pictures, -DSharedPublicDirectory=/Users/joshuaaddai-marnu/Public, -DSystemLibraryDirectory=/Library, -DSystemApplicationSupportDirectory=/Library/Application Support, -DSystemCachesDirectory=/Library/Caches, -DSystemApplicationDirectory=/Applications, -DSystemUserDirectory=/Users, -DUserHome=/Users/joshuaaddai-marnu, -DSandboxEnabled=true, -DDarkMode=true, -DLaunchModifierFlags=0, -DLaunchModifierFlagCapsLock=false, -DLaunchModifierFlagShift=false, -DLaunchModifierFlagControl=false, -DLaunchModifierFlagOption=false, -DLaunchModifierFlagCommand=false, -DLaunchModifierFlagNumericPad=false, -DLaunchModifierFlagHelp=false, -DLaunchModifierFlagFunction=false, -Xms16m, -Djava.library.path=/Applications/astah UML/astah UML.app/Contents/java/lib/rlm, -Dapple.laf.useScreenMenuBar=true, -Xmx1024m]
2024-03-20 23:01:19,668 [AWT-EventQueue-0] JP.co.esm.caddies.jomt.jutil.m <INFO> - stack=5m
2024-03-20 23:01:20,289 [Thread-5] JP.co.esm.caddies.jomt.jutil.Z <INFO> - This is the latest version of Astah.
2024-03-20 23:03:36,099 [AWT-EventQueue-0] JP.co.esm.caddies.jomt.jview.fF <ERROR> - error has occurred.
java.awt.print.PrinterException: No print service found.
	at sun.lwawt.macosx.CPrinterJob.print(CPrinterJob.java:235)
	at sun.print.RasterPrinterJob.print(RasterPrinterJob.java:1390)
	at JP.co.esm.caddies.jomt.jview.hc.run(X:323)
	at JP.co.esm.caddies.jomt.jutil.T.a(X:36)
	at JP.co.esm.caddies.jomt.jview.ha.g(X:314)
	at JP.co.esm.caddies.jomt.jview.ha.actionPerformed(X:259)
	at javax.swing.AbstractButton.fireActionPerformed(AbstractButton.java:2022)
	at javax.swing.AbstractButton$Handler.actionPerformed(AbstractButton.java:2348)
	at javax.swing.DefaultButtonModel.fireActionPerformed(DefaultButtonModel.java:402)
	at javax.swing.DefaultButtonModel.setPressed(DefaultButtonModel.java:259)
	at javax.swing.plaf.basic.BasicButtonListener.mouseReleased(BasicButtonListener.java:262)
	at java.awt.Component.processMouseEvent(Component.java:6539)
	at javax.swing.JComponent.processMouseEvent(JComponent.java:3324)
	at java.awt.Component.processEvent(Component.java:6304)
	at java.awt.Container.processEvent(Container.java:2239)
	at java.awt.Component.dispatchEventImpl(Component.java:4889)
	at java.awt.Container.dispatchEventImpl(Container.java:2297)
	at java.awt.Component.dispatchEvent(Component.java:4711)
	at java.awt.LightweightDispatcher.retargetMouseEvent(Container.java:4904)
	at java.awt.LightweightDispatcher.processMouseEvent(Container.java:4535)
	at java.awt.LightweightDispatcher.dispatchEvent(Container.java:4476)
	at java.awt.Container.dispatchEventImpl(Container.java:2283)
	at java.awt.Window.dispatchEventImpl(Window.java:2746)
	at java.awt.Component.dispatchEvent(Component.java:4711)
	at java.awt.EventQueue.dispatchEventImpl(EventQueue.java:760)
	at java.awt.EventQueue.access$500(EventQueue.java:97)
	at java.awt.EventQueue$3.run(EventQueue.java:709)
	at java.awt.EventQueue$3.run(EventQueue.java:703)
	at java.security.AccessController.doPrivileged(Native Method)
	at java.security.ProtectionDomain$JavaSecurityAccessImpl.doIntersectionPrivilege(ProtectionDomain.java:74)
	at java.security.ProtectionDomain$JavaSecurityAccessImpl.doIntersectionPrivilege(ProtectionDomain.java:84)
	at java.awt.EventQueue$4.run(EventQueue.java:733)
	at java.awt.EventQueue$4.run(EventQueue.java:731)
	at java.security.AccessController.doPrivileged(Native Method)
	at java.security.ProtectionDomain$JavaSecurityAccessImpl.doIntersectionPrivilege(ProtectionDomain.java:74)
	at java.awt.EventQueue.dispatchEvent(EventQueue.java:730)
	at java.awt.EventDispatchThread.pumpOneEventForFilters(EventDispatchThread.java:205)
	at java.awt.EventDispatchThread.pumpEventsForFilter(EventDispatchThread.java:116)
	at java.awt.EventDispatchThread.pumpEventsForFilter(EventDispatchThread.java:109)
	at java.awt.WaitDispatchSupport$2.run(WaitDispatchSupport.java:190)
	at java.awt.WaitDispatchSupport$4.run(WaitDispatchSupport.java:235)
	at java.awt.WaitDispatchSupport$4.run(WaitDispatchSupport.java:233)
	at java.security.AccessController.doPrivileged(Native Method)
	at java.awt.WaitDispatchSupport.enter(WaitDispatchSupport.java:233)
	at java.awt.Dialog.show(Dialog.java:1084)
	at java.awt.Component.show(Component.java:1671)
	at java.awt.Component.setVisible(Component.java:1623)
	at java.awt.Window.setVisible(Window.java:1014)
	at java.awt.Dialog.setVisible(Dialog.java:1005)
	at JP.co.esm.caddies.jomt.jcontrol.tools.D.a(X:39)
	at JP.co.esm.caddies.jomt.jcontrol.PrintPreviewCommand.execute(X:34)
	at g.start(X:59)
	at m.run(X:88)
	at m.b(X:103)
	at l.a(X:107)
	at q.a(X:116)
	at q.actionPerformed(X:95)
	at javax.swing.AbstractButton.fireActionPerformed(AbstractButton.java:2022)
	at javax.swing.AbstractButton$Handler.actionPerformed(AbstractButton.java:2348)
	at javax.swing.DefaultButtonModel.fireActionPerformed(DefaultButtonModel.java:402)
	at javax.swing.DefaultButtonModel.setPressed(DefaultButtonModel.java:259)
	at javax.swing.AbstractButton.doClick(AbstractButton.java:376)
	at com.apple.laf.ScreenMenuItem.actionPerformed(ScreenMenuItem.java:125)
	at java.awt.MenuItem.processActionEvent(MenuItem.java:669)
	at java.awt.MenuItem.processEvent(MenuItem.java:628)
	at java.awt.MenuComponent.dispatchEventImpl(MenuComponent.java:357)
	at java.awt.MenuComponent.dispatchEvent(MenuComponent.java:345)
	at java.awt.EventQueue.dispatchEventImpl(EventQueue.java:763)
	at java.awt.EventQueue.access$500(EventQueue.java:97)
	at java.awt.EventQueue$3.run(EventQueue.java:709)
	at java.awt.EventQueue$3.run(EventQueue.java:703)
	at java.security.AccessController.doPrivileged(Native Method)
	at java.security.ProtectionDomain$JavaSecurityAccessImpl.doIntersectionPrivilege(ProtectionDomain.java:74)
	at java.security.ProtectionDomain$JavaSecurityAccessImpl.doIntersectionPrivilege(ProtectionDomain.java:84)
	at java.awt.EventQueue$4.run(EventQueue.java:733)
	at java.awt.EventQueue$4.run(EventQueue.java:731)
	at java.security.AccessController.doPrivileged(Native Method)
	at java.security.ProtectionDomain$JavaSecurityAccessImpl.doIntersectionPrivilege(ProtectionDomain.java:74)
	at java.awt.EventQueue.dispatchEvent(EventQueue.java:730)
	at java.awt.EventDispatchThread.pumpOneEventForFilters(EventDispatchThread.java:205)
	at java.awt.EventDispatchThread.pumpEventsForFilter(EventDispatchThread.java:116)
	at java.awt.EventDispatchThread.pumpEventsForHierarchy(EventDispatchThread.java:105)
	at java.awt.EventDispatchThread.pumpEvents(EventDispatchThread.java:101)
	at java.awt.EventDispatchThread.pumpEvents(EventDispatchThread.java:93)
	at java.awt.EventDispatchThread.run(EventDispatchThread.java:82)
2024-03-20 23:11:37,863 [AWT-EventQueue-0] JP.co.esm.caddies.jomt.jview.fF <ERROR> - error has occurred.
java.awt.print.PrinterException: No print service found.
	at sun.lwawt.macosx.CPrinterJob.print(CPrinterJob.java:235)
	at sun.print.RasterPrinterJob.print(RasterPrinterJob.java:1390)
	at JP.co.esm.caddies.jomt.jcontrol.tools.Q.a(X:54)
	at JP.co.esm.caddies.jomt.jcontrol.PrintCommand.execute(X:29)
	at g.start(X:59)
	at m.run(X:88)
	at m.b(X:103)
	at l.a(X:107)
	at q.a(X:116)
	at q.actionPerformed(X:95)
	at javax.swing.AbstractButton.fireActionPerformed(AbstractButton.java:2022)
	at javax.swing.AbstractButton$Handler.actionPerformed(AbstractButton.java:2348)
	at javax.swing.DefaultButtonModel.fireActionPerformed(DefaultButtonModel.java:402)
	at javax.swing.DefaultButtonModel.setPressed(DefaultButtonModel.java:259)
	at javax.swing.AbstractButton.doClick(AbstractButton.java:376)
	at com.apple.laf.ScreenMenuItem.actionPerformed(ScreenMenuItem.java:125)
	at java.awt.MenuItem.processActionEvent(MenuItem.java:669)
	at java.awt.MenuItem.processEvent(MenuItem.java:628)
	at java.awt.MenuComponent.dispatchEventImpl(MenuComponent.java:357)
	at java.awt.MenuComponent.dispatchEvent(MenuComponent.java:345)
	at java.awt.EventQueue.dispatchEventImpl(EventQueue.java:763)
	at java.awt.EventQueue.access$500(EventQueue.java:97)
	at java.awt.EventQueue$3.run(EventQueue.java:709)
	at java.awt.EventQueue$3.run(EventQueue.java:703)
	at java.security.AccessController.doPrivileged(Native Method)
	at java.security.ProtectionDomain$JavaSecurityAccessImpl.doIntersectionPrivilege(ProtectionDomain.java:74)
	at java.security.ProtectionDomain$JavaSecurityAccessImpl.doIntersectionPrivilege(ProtectionDomain.java:84)
	at java.awt.EventQueue$4.run(EventQueue.java:733)
	at java.awt.EventQueue$4.run(EventQueue.java:731)
	at java.security.AccessController.doPrivileged(Native Method)
	at java.security.ProtectionDomain$JavaSecurityAccessImpl.doIntersectionPrivilege(ProtectionDomain.java:74)
	at java.awt.EventQueue.dispatchEvent(EventQueue.java:730)
	at java.awt.EventDispatchThread.pumpOneEventForFilters(EventDispatchThread.java:205)
	at java.awt.EventDispatchThread.pumpEventsForFilter(EventDispatchThread.java:116)
	at java.awt.EventDispatchThread.pumpEventsForHierarchy(EventDispatchThread.java:105)
	at java.awt.EventDispatchThread.pumpEvents(EventDispatchThread.java:101)
	at java.awt.EventDispatchThread.pumpEvents(EventDispatchThread.java:93)
	at java.awt.EventDispatchThread.run(EventDispatchThread.java:82)
2024-03-21 09:51:32,527 [AWT-EventQueue-0] JP.co.esm.caddies.golf.model.EntityStore <INFO> - saveAs: /Users/joshuaaddai-marnu/Desktop/ExpenseTrackerAppUML.asta
2024-03-21 11:59:43,334 [AWT-EventQueue-0] JP.co.esm.caddies.uml.mindmap.MMUserIconManager <INFO> - file: /Users/joshuaaddai-marnu/.astah/uml/JudeMMUserIconP.xml
2024-03-21 11:59:43,347 [AWT-EventQueue-0] JP.co.esm.caddies.uml.mindmap.MMUserIconManager <INFO> - file: /Users/joshuaaddai-marnu/.astah/uml/JudeMMUserIconP.xml
2024-03-21 11:59:49,185 [AWT-EventQueue-0] JP.co.esm.caddies.uml.mindmap.MMUserIconManager <INFO> - file: /Users/joshuaaddai-marnu/.astah/uml/JudeMMUserIconP.xml
2024-03-21 11:59:49,187 [AWT-EventQueue-0] JP.co.esm.caddies.uml.mindmap.MMUserIconManager <INFO> - file: /Users/joshuaaddai-marnu/.astah/uml/JudeMMUserIconP.xml
2024-03-21 11:59:49,189 [AWT-EventQueue-0] JP.co.esm.caddies.jomt.jsystem.k <INFO> - file: /Users/joshuaaddai-marnu/.astah/uml/JudeU.properties
2024-03-21 11:59:49,199 [AWT-EventQueue-0] JP.co.esm.caddies.jomt.jutil.JomtUtilities2 <INFO> - file: /Users/joshuaaddai-marnu/.astah/uml/astah_command.log
