34814 : 2024-03-05 00:07:23,027 : INFO : telemetry.main : Attempt start. Configuration directory [/Users/joshuaaddai-marnu/.azure].
34814 : 2024-03-05 00:07:23,027 : DEBUG : telemetry.note : acquiring lock
34814 : 2024-03-05 00:07:23,027 : DEBUG : telemetry.note : acquired lock
34814 : 2024-03-05 00:07:23,027 : INFO : telemetry.note : Update the note mtime to 2024-03-05 00:07:23.027478
34814 : 2024-03-05 00:07:23,027 : WARNING : telemetry.note : Fail to parse or read the timestamp 'N/A' in the note file. Set the last send time to minimal. Reason: not readable
34814 : 2024-03-05 00:07:23,028 : INFO : telemetry.records : 1 cache files to move.
34814 : 2024-03-05 00:07:23,028 : INFO : telemetry.records : Create temp folder /var/folders/ml/1bv665lj2qsczmdb9d4w7v340000gn/T/tmp6vvyorfb
34814 : 2024-03-05 00:07:23,028 : INFO : telemetry.records : Move file /Users/joshuaaddai-marnu/.azure/telemetry/cache to /var/folders/ml/1bv665lj2qsczmdb9d4w7v340000gn/T/tmp6vvyorfb/cache
34814 : 2024-03-05 00:07:23,032 : INFO : telemetry.records : Processed file /var/folders/ml/1bv665lj2qsczmdb9d4w7v340000gn/T/tmp6vvyorfb/cache into 1 records.
34814 : 2024-03-05 00:07:23,032 : INFO : telemetry.records : Remove directory /var/folders/ml/1bv665lj2qsczmdb9d4w7v340000gn/T/tmp6vvyorfb
34814 : 2024-03-05 00:07:23,032 : INFO : telemetry.client : Accumulated 1 events. Flush the clients.
34814 : 2024-03-05 00:07:23,032 : INFO : telemetry.client : Flush client c4395b75-49cc-422c-bc95-c7d51aef5d46.
34814 : 2024-03-05 00:07:23,219 : INFO : telemetry.sender : Sending 3888 bytes
34814 : 2024-03-05 00:07:23,219 : INFO : telemetry.sender : Finish uploading in 0.186948 seconds.
34814 : 2024-03-05 00:07:23,220 : INFO : telemetry.note : Update the last send in note to 2024-03-05 00:07:22
34814 : 2024-03-05 00:07:23,220 : INFO : telemetry.note : Update the note mtime to 2024-03-05 00:07:23.220108
34869 : 2024-03-05 00:15:19,762 : INFO : telemetry.main : Attempt start. Configuration directory [/Users/joshuaaddai-marnu/.azure].
34869 : 2024-03-05 00:15:19,762 : DEBUG : telemetry.note : acquiring lock
34869 : 2024-03-05 00:15:19,762 : DEBUG : telemetry.note : acquired lock
34869 : 2024-03-05 00:15:19,762 : INFO : telemetry.note : Update the note mtime to 2024-03-05 00:15:19.762496
34869 : 2024-03-05 00:15:19,763 : INFO : telemetry.note : Read timestamp from the note. The last send was 2024-03-05 00:07:22.
34869 : 2024-03-05 00:15:19,763 : INFO : telemetry.records : 1 cache files to move.
34869 : 2024-03-05 00:15:19,763 : INFO : telemetry.records : Create temp folder /var/folders/ml/1bv665lj2qsczmdb9d4w7v340000gn/T/tmpxym3qh_w
34869 : 2024-03-05 00:15:19,763 : INFO : telemetry.records : Move file /Users/joshuaaddai-marnu/.azure/telemetry/cache to /var/folders/ml/1bv665lj2qsczmdb9d4w7v340000gn/T/tmpxym3qh_w/cache
34869 : 2024-03-05 00:15:19,763 : INFO : telemetry.records : Processed file /var/folders/ml/1bv665lj2qsczmdb9d4w7v340000gn/T/tmpxym3qh_w/cache into 1 records.
34869 : 2024-03-05 00:15:19,764 : INFO : telemetry.records : Remove directory /var/folders/ml/1bv665lj2qsczmdb9d4w7v340000gn/T/tmpxym3qh_w
34869 : 2024-03-05 00:15:19,764 : INFO : telemetry.client : Accumulated 1 events. Flush the clients.
34869 : 2024-03-05 00:15:19,764 : INFO : telemetry.client : Flush client c4395b75-49cc-422c-bc95-c7d51aef5d46.
34869 : 2024-03-05 00:15:19,937 : INFO : telemetry.sender : Sending 4113 bytes
34869 : 2024-03-05 00:15:19,938 : INFO : telemetry.sender : Finish uploading in 0.173594 seconds.
34869 : 2024-03-05 00:15:19,938 : INFO : telemetry.note : Update the last send in note to 2024-03-05 00:15:19
34869 : 2024-03-05 00:15:19,938 : INFO : telemetry.note : Update the note mtime to 2024-03-05 00:15:19.938470
37119 : 2024-03-05 03:02:41,359 : INFO : telemetry.main : Attempt start. Configuration directory [/Users/joshuaaddai-marnu/.azure].
37119 : 2024-03-05 03:02:41,359 : DEBUG : telemetry.note : acquiring lock
37119 : 2024-03-05 03:02:41,359 : DEBUG : telemetry.note : acquired lock
37119 : 2024-03-05 03:02:41,359 : INFO : telemetry.note : Update the note mtime to 2024-03-05 03:02:41.359437
37119 : 2024-03-05 03:02:41,360 : INFO : telemetry.note : Read timestamp from the note. The last send was 2024-03-05 00:15:19.
37119 : 2024-03-05 03:02:41,360 : INFO : telemetry.records : 1 cache files to move.
37119 : 2024-03-05 03:02:41,360 : INFO : telemetry.records : Create temp folder /var/folders/ml/1bv665lj2qsczmdb9d4w7v340000gn/T/tmphty3t6uz
37119 : 2024-03-05 03:02:41,360 : INFO : telemetry.records : Move file /Users/joshuaaddai-marnu/.azure/telemetry/cache to /var/folders/ml/1bv665lj2qsczmdb9d4w7v340000gn/T/tmphty3t6uz/cache
37119 : 2024-03-05 03:02:41,360 : INFO : telemetry.records : Processed file /var/folders/ml/1bv665lj2qsczmdb9d4w7v340000gn/T/tmphty3t6uz/cache into 1 records.
37119 : 2024-03-05 03:02:41,360 : INFO : telemetry.records : Remove directory /var/folders/ml/1bv665lj2qsczmdb9d4w7v340000gn/T/tmphty3t6uz
37119 : 2024-03-05 03:02:41,361 : INFO : telemetry.client : Accumulated 1 events. Flush the clients.
37119 : 2024-03-05 03:02:41,361 : INFO : telemetry.client : Flush client c4395b75-49cc-422c-bc95-c7d51aef5d46.
37126 : 2024-03-05 03:02:41,527 : INFO : telemetry.main : Attempt start. Configuration directory [/Users/joshuaaddai-marnu/.azure].
37126 : 2024-03-05 03:02:41,527 : DEBUG : telemetry.note : acquiring lock
37126 : 2024-03-05 03:02:41,527 : INFO : telemetry.main : Lock out from note file under /Users/joshuaaddai-marnu/.azure which means another process is running. Exit 0.
37119 : 2024-03-05 03:02:41,552 : INFO : telemetry.sender : Sending 3914 bytes
37119 : 2024-03-05 03:02:41,552 : INFO : telemetry.sender : Finish uploading in 0.190729 seconds.
37119 : 2024-03-05 03:02:41,552 : INFO : telemetry.note : Update the last send in note to 2024-03-05 03:02:41
37119 : 2024-03-05 03:02:41,552 : INFO : telemetry.note : Update the note mtime to 2024-03-05 03:02:41.552365
37149 : 2024-03-05 03:03:44,887 : INFO : telemetry.main : Attempt start. Configuration directory [/Users/joshuaaddai-marnu/.azure].
37149 : 2024-03-05 03:03:44,887 : DEBUG : telemetry.note : acquiring lock
37149 : 2024-03-05 03:03:44,888 : DEBUG : telemetry.note : acquired lock
37149 : 2024-03-05 03:03:44,888 : INFO : telemetry.note : Update the note mtime to 2024-03-05 03:03:44.888106
37149 : 2024-03-05 03:03:44,888 : INFO : telemetry.note : Read timestamp from the note. The last send was 2024-03-05 03:02:41.
37149 : 2024-03-05 03:03:44,888 : INFO : telemetry.records : 1 cache files to move.
37149 : 2024-03-05 03:03:44,888 : INFO : telemetry.records : Create temp folder /var/folders/ml/1bv665lj2qsczmdb9d4w7v340000gn/T/tmpiujlap4i
37149 : 2024-03-05 03:03:44,889 : INFO : telemetry.records : Move file /Users/joshuaaddai-marnu/.azure/telemetry/cache to /var/folders/ml/1bv665lj2qsczmdb9d4w7v340000gn/T/tmpiujlap4i/cache
37149 : 2024-03-05 03:03:44,889 : INFO : telemetry.records : Processed file /var/folders/ml/1bv665lj2qsczmdb9d4w7v340000gn/T/tmpiujlap4i/cache into 1 records.
37149 : 2024-03-05 03:03:44,889 : INFO : telemetry.records : Remove directory /var/folders/ml/1bv665lj2qsczmdb9d4w7v340000gn/T/tmpiujlap4i
37149 : 2024-03-05 03:03:44,889 : INFO : telemetry.client : Accumulated 1 events. Flush the clients.
37149 : 2024-03-05 03:03:44,889 : INFO : telemetry.client : Flush client c4395b75-49cc-422c-bc95-c7d51aef5d46.
37156 : 2024-03-05 03:03:45,058 : INFO : telemetry.main : Attempt start. Configuration directory [/Users/joshuaaddai-marnu/.azure].
37156 : 2024-03-05 03:03:45,058 : DEBUG : telemetry.note : acquiring lock
37156 : 2024-03-05 03:03:45,058 : INFO : telemetry.main : Lock out from note file under /Users/joshuaaddai-marnu/.azure which means another process is running. Exit 0.
37149 : 2024-03-05 03:03:45,083 : INFO : telemetry.sender : Sending 3914 bytes
37149 : 2024-03-05 03:03:45,083 : INFO : telemetry.sender : Finish uploading in 0.194015 seconds.
37149 : 2024-03-05 03:03:45,084 : INFO : telemetry.note : Update the last send in note to 2024-03-05 03:03:44
37149 : 2024-03-05 03:03:45,084 : INFO : telemetry.note : Update the note mtime to 2024-03-05 03:03:45.084058
37213 : 2024-03-05 03:06:52,006 : INFO : telemetry.main : Attempt start. Configuration directory [/Users/joshuaaddai-marnu/.azure].
37213 : 2024-03-05 03:06:52,006 : DEBUG : telemetry.note : acquiring lock
37213 : 2024-03-05 03:06:52,006 : DEBUG : telemetry.note : acquired lock
37213 : 2024-03-05 03:06:52,006 : INFO : telemetry.note : Update the note mtime to 2024-03-05 03:06:52.006964
37213 : 2024-03-05 03:06:52,007 : INFO : telemetry.note : Read timestamp from the note. The last send was 2024-03-05 03:03:44.
37213 : 2024-03-05 03:06:52,007 : INFO : telemetry.records : 1 cache files to move.
37213 : 2024-03-05 03:06:52,007 : INFO : telemetry.records : Create temp folder /var/folders/ml/1bv665lj2qsczmdb9d4w7v340000gn/T/tmpqrnw_vco
37213 : 2024-03-05 03:06:52,007 : INFO : telemetry.records : Move file /Users/joshuaaddai-marnu/.azure/telemetry/cache to /var/folders/ml/1bv665lj2qsczmdb9d4w7v340000gn/T/tmpqrnw_vco/cache
37213 : 2024-03-05 03:06:52,007 : INFO : telemetry.records : Processed file /var/folders/ml/1bv665lj2qsczmdb9d4w7v340000gn/T/tmpqrnw_vco/cache into 1 records.
37213 : 2024-03-05 03:06:52,008 : INFO : telemetry.records : Remove directory /var/folders/ml/1bv665lj2qsczmdb9d4w7v340000gn/T/tmpqrnw_vco
37213 : 2024-03-05 03:06:52,008 : INFO : telemetry.client : Accumulated 1 events. Flush the clients.
37213 : 2024-03-05 03:06:52,008 : INFO : telemetry.client : Flush client c4395b75-49cc-422c-bc95-c7d51aef5d46.
37213 : 2024-03-05 03:06:52,190 : INFO : telemetry.sender : Sending 3887 bytes
37213 : 2024-03-05 03:06:52,191 : INFO : telemetry.sender : Finish uploading in 0.182435 seconds.
37213 : 2024-03-05 03:06:52,191 : INFO : telemetry.note : Update the last send in note to 2024-03-05 03:06:51
37213 : 2024-03-05 03:06:52,191 : INFO : telemetry.note : Update the note mtime to 2024-03-05 03:06:52.191422
37359 : 2024-03-05 03:18:22,086 : INFO : telemetry.main : Attempt start. Configuration directory [/Users/joshuaaddai-marnu/.azure].
37359 : 2024-03-05 03:18:22,087 : DEBUG : telemetry.note : acquiring lock
37359 : 2024-03-05 03:18:22,087 : DEBUG : telemetry.note : acquired lock
37359 : 2024-03-05 03:18:22,087 : INFO : telemetry.note : Update the note mtime to 2024-03-05 03:18:22.087216
37359 : 2024-03-05 03:18:22,087 : INFO : telemetry.note : Read timestamp from the note. The last send was 2024-03-05 03:06:51.
37359 : 2024-03-05 03:18:22,088 : INFO : telemetry.records : 1 cache files to move.
37359 : 2024-03-05 03:18:22,088 : INFO : telemetry.records : Create temp folder /var/folders/ml/1bv665lj2qsczmdb9d4w7v340000gn/T/tmpg6q4ng9n
37359 : 2024-03-05 03:18:22,088 : INFO : telemetry.records : Move file /Users/joshuaaddai-marnu/.azure/telemetry/cache to /var/folders/ml/1bv665lj2qsczmdb9d4w7v340000gn/T/tmpg6q4ng9n/cache
37359 : 2024-03-05 03:18:22,088 : INFO : telemetry.records : Processed file /var/folders/ml/1bv665lj2qsczmdb9d4w7v340000gn/T/tmpg6q4ng9n/cache into 1 records.
37359 : 2024-03-05 03:18:22,088 : INFO : telemetry.records : Remove directory /var/folders/ml/1bv665lj2qsczmdb9d4w7v340000gn/T/tmpg6q4ng9n
37359 : 2024-03-05 03:18:22,089 : INFO : telemetry.client : Accumulated 1 events. Flush the clients.
37359 : 2024-03-05 03:18:22,089 : INFO : telemetry.client : Flush client c4395b75-49cc-422c-bc95-c7d51aef5d46.
37359 : 2024-03-05 03:18:22,274 : INFO : telemetry.sender : Sending 3938 bytes
37359 : 2024-03-05 03:18:22,274 : INFO : telemetry.sender : Finish uploading in 0.185271 seconds.
37359 : 2024-03-05 03:18:22,274 : INFO : telemetry.note : Update the last send in note to 2024-03-05 03:18:21
37359 : 2024-03-05 03:18:22,275 : INFO : telemetry.note : Update the note mtime to 2024-03-05 03:18:22.275042
1655 : 2024-03-05 05:08:27,300 : INFO : telemetry.main : Attempt start. Configuration directory [/Users/joshuaaddai-marnu/.azure].
1655 : 2024-03-05 05:08:27,301 : DEBUG : telemetry.note : acquiring lock
1655 : 2024-03-05 05:08:27,301 : DEBUG : telemetry.note : acquired lock
1655 : 2024-03-05 05:08:27,301 : INFO : telemetry.note : Update the note mtime to 2024-03-05 05:08:27.301333
1655 : 2024-03-05 05:08:27,302 : INFO : telemetry.note : Read timestamp from the note. The last send was 2024-03-05 03:18:21.
1655 : 2024-03-05 05:08:27,302 : INFO : telemetry.records : 1 cache files to move.
1655 : 2024-03-05 05:08:27,302 : INFO : telemetry.records : Create temp folder /var/folders/ml/1bv665lj2qsczmdb9d4w7v340000gn/T/tmpqr6efkyf
1655 : 2024-03-05 05:08:27,302 : INFO : telemetry.records : Move file /Users/joshuaaddai-marnu/.azure/telemetry/cache to /var/folders/ml/1bv665lj2qsczmdb9d4w7v340000gn/T/tmpqr6efkyf/cache
1655 : 2024-03-05 05:08:27,302 : INFO : telemetry.records : Processed file /var/folders/ml/1bv665lj2qsczmdb9d4w7v340000gn/T/tmpqr6efkyf/cache into 1 records.
1655 : 2024-03-05 05:08:27,302 : INFO : telemetry.records : Remove directory /var/folders/ml/1bv665lj2qsczmdb9d4w7v340000gn/T/tmpqr6efkyf
1655 : 2024-03-05 05:08:27,303 : INFO : telemetry.client : Accumulated 1 events. Flush the clients.
1655 : 2024-03-05 05:08:27,303 : INFO : telemetry.client : Flush client c4395b75-49cc-422c-bc95-c7d51aef5d46.
1662 : 2024-03-05 05:08:27,467 : INFO : telemetry.main : Attempt start. Configuration directory [/Users/joshuaaddai-marnu/.azure].
1662 : 2024-03-05 05:08:27,468 : DEBUG : telemetry.note : acquiring lock
1662 : 2024-03-05 05:08:27,468 : INFO : telemetry.main : Lock out from note file under /Users/joshuaaddai-marnu/.azure which means another process is running. Exit 0.
1655 : 2024-03-05 05:08:27,517 : INFO : telemetry.sender : Sending 3914 bytes
1655 : 2024-03-05 05:08:27,518 : INFO : telemetry.sender : Finish uploading in 0.214848 seconds.
1655 : 2024-03-05 05:08:27,518 : INFO : telemetry.note : Update the last send in note to 2024-03-05 05:08:27
1655 : 2024-03-05 05:08:27,518 : INFO : telemetry.note : Update the note mtime to 2024-03-05 05:08:27.518288
